Using pre-set license
Built from '2020.3/staging' branch; Version is '2020.3.30f1 (1fb1bf06830e) revision 2077119'; Using compiler version '192528614'; Build Type 'Release'
OS: 'Windows 10  (10.0.19044) 64bit Professional' Language: 'ko' Physical Memory: 15682 MB
BatchMode: 1, IsHumanControllingUs: 0, StartBugReporterOnCrash: 0, Is64bit: 1, IsPro: 0

COMMAND LINE ARGUMENTS:
C:\Program Files\Unity\Hub\Editor\2020.3.30f1\Editor\Unity.exe
-adb2
-batchMode
-noUpm
-name
AssetImportWorker0
-projectPath
C:/Users/PKNU/Desktop/PlasticGit-main
-logFile
Logs/AssetImportWorker0.log
-srvPort
7701
Successfully changed project path to: C:/Users/PKNU/Desktop/PlasticGit-main
C:/Users/PKNU/Desktop/PlasticGit-main
Using Asset Import Pipeline V2.
Refreshing native plugins compatible for Editor in 76.73 ms, found 3 plugins.
Preloading 0 native plugins for Editor in 0.00 ms.
Initialize engine version: 2020.3.30f1 (1fb1bf06830e)
[Subsystems] Discovering subsystems at path C:/Program Files/Unity/Hub/Editor/2020.3.30f1/Editor/Data/Resources/UnitySubsystems
[Subsystems] Discovering subsystems at path C:/Users/PKNU/Desktop/PlasticGit-main/Assets
GfxDevice: creating device client; threaded=0
Direct3D:
    Version:  Direct3D 11.0 [level 11.1]
    Renderer: AMD Radeon(TM) Graphics (ID=0x1636)
    Vendor:   
    VRAM:     7841 MB
    Driver:   31.0.12027.7000
Initialize mono
Mono path[0] = 'C:/Program Files/Unity/Hub/Editor/2020.3.30f1/Editor/Data/Managed'
Mono path[1] = 'C:/Program Files/Unity/Hub/Editor/2020.3.30f1/Editor/Data/MonoBleedingEdge/lib/mono/unityjit'
Mono config path = 'C:/Program Files/Unity/Hub/Editor/2020.3.30f1/Editor/Data/MonoBleedingEdge/etc'
Using monoOptions --debugger-agent=transport=dt_socket,embedding=1,server=y,suspend=n,address=127.0.0.1:56048
Begin MonoManager ReloadAssembly
Registering precompiled unity dll's ...
Register platform support module: C:/Program Files/Unity/Hub/Editor/2020.3.30f1/Editor/Data/PlaybackEngines/WebGLSupport/UnityEditor.WebGL.Extensions.dll
Register platform support module: C:/Program Files/Unity/Hub/Editor/2020.3.30f1/Editor/Data/PlaybackEngines/WindowsStandaloneSupport/UnityEditor.WindowsStandalone.Extensions.dll
Registered in 0.006430 seconds.
Native extension for WindowsStandalone target not found
Native extension for WebGL target not found
Refreshing native plugins compatible for Editor in 59.42 ms, found 3 plugins.
Preloading 0 native plugins for Editor in 0.00 ms.
Mono: successfully reloaded assembly
- Completed reload, in  0.700 seconds
Domain Reload Profiling:
	ReloadAssembly (700ms)
		BeginReloadAssembly (107ms)
			ExecutionOrderSort (0ms)
			DisableScriptedObjects (0ms)
			BackupInstance (0ms)
			ReleaseScriptingObjects (0ms)
			CreateAndSetChildDomain (1ms)
		EndReloadAssembly (503ms)
			LoadAssemblies (103ms)
			RebuildTransferFunctionScriptingTraits (0ms)
			SetupTypeCache (149ms)
			ReleaseScriptCaches (0ms)
			RebuildScriptCaches (31ms)
			SetupLoadedEditorAssemblies (196ms)
				LogAssemblyErrors (0ms)
				InitializePlatformSupportModulesInManaged (6ms)
				SetLoadedEditorAssemblies (0ms)
				RefreshPlugins (60ms)
				BeforeProcessingInitializeOnLoad (21ms)
				ProcessInitializeOnLoadAttributes (80ms)
				ProcessInitializeOnLoadMethodAttributes (29ms)
				AfterProcessingInitializeOnLoad (0ms)
				EditorAssembliesLoaded (0ms)
			ExecutionOrderSort2 (0ms)
			AwakeInstancesAfterBackupRestoration (0ms)
Platform modules already initialized, skipping
Registering precompiled user dll's ...
Registered in 0.008716 seconds.
Begin MonoManager ReloadAssembly
Native extension for WindowsStandalone target not found
Native extension for WebGL target not found
Refreshing native plugins compatible for Editor in 59.72 ms, found 3 plugins.
Preloading 0 native plugins for Editor in 0.00 ms.
Mono: successfully reloaded assembly
- Completed reload, in  1.493 seconds
Domain Reload Profiling:
	ReloadAssembly (1494ms)
		BeginReloadAssembly (216ms)
			ExecutionOrderSort (0ms)
			DisableScriptedObjects (4ms)
			BackupInstance (0ms)
			ReleaseScriptingObjects (0ms)
			CreateAndSetChildDomain (23ms)
		EndReloadAssembly (1189ms)
			LoadAssemblies (227ms)
			RebuildTransferFunctionScriptingTraits (0ms)
			SetupTypeCache (363ms)
			ReleaseScriptCaches (1ms)
			RebuildScriptCaches (46ms)
			SetupLoadedEditorAssemblies (480ms)
				LogAssemblyErrors (0ms)
				InitializePlatformSupportModulesInManaged (6ms)
				SetLoadedEditorAssemblies (0ms)
				RefreshPlugins (60ms)
				BeforeProcessingInitializeOnLoad (103ms)
				ProcessInitializeOnLoadAttributes (285ms)
				ProcessInitializeOnLoadMethodAttributes (10ms)
				AfterProcessingInitializeOnLoad (16ms)
				EditorAssembliesLoaded (0ms)
			ExecutionOrderSort2 (0ms)
			AwakeInstancesAfterBackupRestoration (6ms)
Platform modules already initialized, skipping
========================================================================
Worker process is ready to serve import requests
Launched and connected shader compiler UnityShaderCompiler.exe after 0.06 seconds
Refreshing native plugins compatible for Editor in 0.65 ms, found 3 plugins.
Preloading 0 native plugins for Editor in 0.00 ms.
Unloading 2503 Unused Serialized files (Serialized files now loaded: 0)
System memory in use before: 113.7 MB.
System memory in use after: 113.9 MB.

Unloading 23 unused Assets to reduce memory usage. Loaded Objects now: 2938.
Total: 3.647100 ms (FindLiveObjects: 0.263900 ms CreateObjectMapping: 0.092000 ms MarkObjects: 3.184000 ms  DeleteObjects: 0.105700 ms)

AssetImportParameters requested are different than current active one (requested -> active):
  custom:framework-win-MediaFoundation: 216162199b28c13a410421893ffa2e32 -> 
  custom:video-decoder-ogg-theora: a1e56fd34408186e4bbccfd4996cb3dc -> 
  custom:container-muxer-webm: aa71ff27fc2769a1b78a27578f13a17b -> 
  custom:container-demuxer-webm: 4f35f7cbe854078d1ac9338744f61a02 -> 
  custom:container-demuxer-ogg: 62fdf1f143b41e24485cea50d1cbac27 -> 
  custom:video-encoder-webm-vp8: eb34c28f22e8b96e1ab97ce403110664 -> 
  custom:video-decoder-webm-vp8: 9c59270c3fd7afecdb556c50c9e8de78 -> 
  custom:audio-decoder-ogg-vorbis: bf7c407c2cedff20999df2af8eb42d56 -> 
  custom:audio-encoder-webm-vorbis: bf7c407c2cedff20999df2af8eb42d56 -> 
========================================================================
Received Import Request.
  path: Assets/Signal.prefab
  artifactKey: Guid(9e05a726e84d9574d95d2bf4b9dcab25) Importer(815301076,1909f56bfc062723c751e8b465ee728b)
Start importing Assets/Signal.prefab using Guid(9e05a726e84d9574d95d2bf4b9dcab25) Importer(815301076,1909f56bfc062723c751e8b465ee728b)  -> (artifact id: 'ca394ee94b2ac5ee0ad20ee652267478') in 0.316848 seconds 
========================================================================
Received Import Request.
  Time since last request: 0.000378 seconds.
  path: Assets/가로등15.prefab
  artifactKey: Guid(5ab201c1f49256f4f922ba241c2d7eb2) Importer(815301076,1909f56bfc062723c751e8b465ee728b)
Start importing Assets/가로등15.prefab using Guid(5ab201c1f49256f4f922ba241c2d7eb2) Importer(815301076,1909f56bfc062723c751e8b465ee728b)  -> (artifact id: '0e18454d003f30b20bd64a13b7ee9aba') in 0.450875 seconds 
========================================================================
Received Import Request.
  Time since last request: 0.000281 seconds.
  path: Assets/가로등30.prefab
  artifactKey: Guid(4536ce9a61da1054d810043fbf6ef521) Importer(815301076,1909f56bfc062723c751e8b465ee728b)
Start importing Assets/가로등30.prefab using Guid(4536ce9a61da1054d810043fbf6ef521) Importer(815301076,1909f56bfc062723c751e8b465ee728b)  -> (artifact id: '12e6196ecc098c36bfb603dd7030307a') in 0.048150 seconds 
========================================================================
Received Import Request.
  Time since last request: 0.000284 seconds.
  path: Assets/최고속도 표지판.prefab
  artifactKey: Guid(818531ded45fc0841b004dbcf2a5c821) Importer(815301076,1909f56bfc062723c751e8b465ee728b)
Start importing Assets/최고속도 표지판.prefab using Guid(818531ded45fc0841b004dbcf2a5c821) Importer(815301076,1909f56bfc062723c751e8b465ee728b)  -> (artifact id: '69a5c5f26df3173ac59be99aecabd509') in 0.031539 seconds 
========================================================================
Received Import Request.
  Time since last request: 0.000770 seconds.
  path: Assets/가로등10.prefab
  artifactKey: Guid(efd809d53b85adc4d943359d14de9629) Importer(815301076,1909f56bfc062723c751e8b465ee728b)
Start importing Assets/가로등10.prefab using Guid(efd809d53b85adc4d943359d14de9629) Importer(815301076,1909f56bfc062723c751e8b465ee728b)  -> (artifact id: '814d12357ab8cebcfc491e4c45a619f9') in 0.054102 seconds 
========================================================================
Received Import Request.
  Time since last request: 0.000291 seconds.
  path: Assets/가로등20.prefab
  artifactKey: Guid(4af7a7706c3aeed4cb6f51eac7520cad) Importer(815301076,1909f56bfc062723c751e8b465ee728b)
Start importing Assets/가로등20.prefab using Guid(4af7a7706c3aeed4cb6f51eac7520cad) Importer(815301076,1909f56bfc062723c751e8b465ee728b)  -> (artifact id: '8f1ebff175f6e0d1e198b41125176149') in 0.051275 seconds 
========================================================================
Received Import Request.
  Time since last request: 0.000623 seconds.
  path: Assets/PlayCanvas.prefab
  artifactKey: Guid(2a18b979e0dc40a48a292a7187c4d79a) Importer(815301076,1909f56bfc062723c751e8b465ee728b)
Start importing Assets/PlayCanvas.prefab using Guid(2a18b979e0dc40a48a292a7187c4d79a) Importer(815301076,1909f56bfc062723c751e8b465ee728b)  -> (artifact id: '8643498943f39cc4ddbd9f7df5bbe2ff') in 0.040341 seconds 
========================================================================
Received Import Request.
  Time since last request: 0.000684 seconds.
  path: Assets/가로등.prefab
  artifactKey: Guid(66ce80ad39d8ec74d943efae45156533) Importer(815301076,1909f56bfc062723c751e8b465ee728b)
Start importing Assets/가로등.prefab using Guid(66ce80ad39d8ec74d943efae45156533) Importer(815301076,1909f56bfc062723c751e8b465ee728b)  -> (artifact id: 'ef6e9b7414debe061fd41ea47fecb724') in 0.053700 seconds 
========================================================================
Received Import Request.
  Time since last request: 2.364927 seconds.
  path: Assets/Image/2차선표시.png
  artifactKey: Guid(a9989f7a85ac0ea499c87db5b9ef5906) Importer(815301076,1909f56bfc062723c751e8b465ee728b)
Start importing Assets/Image/2차선표시.png using Guid(a9989f7a85ac0ea499c87db5b9ef5906) Importer(815301076,1909f56bfc062723c751e8b465ee728b)  -> (artifact id: '329d3051be2fa0d5776ea1f8f83d74e0') in 0.064244 seconds 
========================================================================
Received Import Request.
  Time since last request: 0.000409 seconds.
  path: Assets/Image/유턴표시.png
  artifactKey: Guid(7b27ccd29cc2ac4448e8a9776557973f) Importer(815301076,1909f56bfc062723c751e8b465ee728b)
Start importing Assets/Image/유턴표시.png using Guid(7b27ccd29cc2ac4448e8a9776557973f) Importer(815301076,1909f56bfc062723c751e8b465ee728b)  -> (artifact id: 'f22795b864522b2601849b832aa97fe4') in 0.050603 seconds 
========================================================================
Received Import Request.
  Time since last request: 0.000385 seconds.
  path: Assets/Image/3차선표시.png
  artifactKey: Guid(4e963cbc6208a964196acd0b8f8834e0) Importer(815301076,1909f56bfc062723c751e8b465ee728b)
Start importing Assets/Image/3차선표시.png using Guid(4e963cbc6208a964196acd0b8f8834e0) Importer(815301076,1909f56bfc062723c751e8b465ee728b)  -> (artifact id: '38fd8567f77d0a2badde439c4b68a795') in 0.044612 seconds 
========================================================================
Received Import Request.
  Time since last request: 0.665173 seconds.
  path: Assets/Materials/10.png
  artifactKey: Guid(d56f20fe039988d4a95f2f1d59867631) Importer(815301076,1909f56bfc062723c751e8b465ee728b)
Start importing Assets/Materials/10.png using Guid(d56f20fe039988d4a95f2f1d59867631) Importer(815301076,1909f56bfc062723c751e8b465ee728b)  -> (artifact id: '729776f5741fe9043524eacabad3c08c') in 0.019015 seconds 
========================================================================
Received Import Request.
  Time since last request: 0.000907 seconds.
  path: Assets/Materials/black.mat
  artifactKey: Guid(b8386cf118a9b0e4d961e1316f745d7f) Importer(815301076,1909f56bfc062723c751e8b465ee728b)
Start importing Assets/Materials/black.mat using Guid(b8386cf118a9b0e4d961e1316f745d7f) Importer(815301076,1909f56bfc062723c751e8b465ee728b)  -> (artifact id: 'eaff80edce0b41cc4f7d8718394f8175') in 0.240380 seconds 
========================================================================
Received Import Request.
  Time since last request: 0.000399 seconds.
  path: Assets/Materials/DarkGrey242424.mat
  artifactKey: Guid(b82b941ffddf6b64486d30d053315c7b) Importer(815301076,1909f56bfc062723c751e8b465ee728b)
Start importing Assets/Materials/DarkGrey242424.mat using Guid(b82b941ffddf6b64486d30d053315c7b) Importer(815301076,1909f56bfc062723c751e8b465ee728b)  -> (artifact id: '36ab5902c29493fe47b6fa6e9e22d604') in 0.036180 seconds 
========================================================================
Received Import Request.
  Time since last request: 0.000439 seconds.
  path: Assets/Materials/부경대 캠퍼스.mat
  artifactKey: Guid(a055f4f07f4b81e489fe74c23dcb5edb) Importer(815301076,1909f56bfc062723c751e8b465ee728b)
Start importing Assets/Materials/부경대 캠퍼스.mat using Guid(a055f4f07f4b81e489fe74c23dcb5edb) Importer(815301076,1909f56bfc062723c751e8b465ee728b)  -> (artifact id: 'fb073b0097392931c6c6d8d31c71fe0c') in 0.042317 seconds 
========================================================================
Received Import Request.
  Time since last request: 0.000452 seconds.
  path: Assets/Materials/bullet_head.mat
  artifactKey: Guid(942e758424648c8409bc5acddd9f6df2) Importer(815301076,1909f56bfc062723c751e8b465ee728b)
Start importing Assets/Materials/bullet_head.mat using Guid(942e758424648c8409bc5acddd9f6df2) Importer(815301076,1909f56bfc062723c751e8b465ee728b)  -> (artifact id: '9067f90011a460be796ae2139fe0a651') in 0.035068 seconds 
========================================================================
Received Import Request.
  Time since last request: 0.000533 seconds.
  path: Assets/Materials/U턴.png
  artifactKey: Guid(1a0b20560b2f52841a0bffcb901e1084) Importer(815301076,1909f56bfc062723c751e8b465ee728b)
Start importing Assets/Materials/U턴.png using Guid(1a0b20560b2f52841a0bffcb901e1084) Importer(815301076,1909f56bfc062723c751e8b465ee728b)  -> (artifact id: '31df9dc90901e0fc95342643a6222eb3') in 0.035395 seconds 
========================================================================
Received Import Request.
  Time since last request: 0.000375 seconds.
  path: Assets/Materials/CarColor.mat
  artifactKey: Guid(57ef1db441c45b2419571c66a781b79e) Importer(815301076,1909f56bfc062723c751e8b465ee728b)
Start importing Assets/Materials/CarColor.mat using Guid(57ef1db441c45b2419571c66a781b79e) Importer(815301076,1909f56bfc062723c751e8b465ee728b)  -> (artifact id: 'f14de26e538b5c5cfb82fa3977a0b6ff') in 0.032592 seconds 
========================================================================
Received Import Request.
  Time since last request: 0.000336 seconds.
  path: Assets/Materials/color.mat
  artifactKey: Guid(0514b2d7e69d3444486e43e38a8c9801) Importer(815301076,1909f56bfc062723c751e8b465ee728b)
Start importing Assets/Materials/color.mat using Guid(0514b2d7e69d3444486e43e38a8c9801) Importer(815301076,1909f56bfc062723c751e8b465ee728b)  -> (artifact id: '4fc1772d893658a964abf85708b2d078') in 0.032114 seconds 
========================================================================
Received Import Request.
  Time since last request: 0.000318 seconds.
  path: Assets/Materials/15.png
  artifactKey: Guid(88b28eed8e06ccf4b9596153083f58cc) Importer(815301076,1909f56bfc062723c751e8b465ee728b)
Start importing Assets/Materials/15.png using Guid(88b28eed8e06ccf4b9596153083f58cc) Importer(815301076,1909f56bfc062723c751e8b465ee728b)  -> (artifact id: 'ce814a976ded62d267df675fbf2e2430') in 0.031343 seconds 
========================================================================
Received Import Request.
  Time since last request: 0.000309 seconds.
  path: Assets/Materials/blue.mat
  artifactKey: Guid(e0f742f015abc9943b4a77db2095bb01) Importer(815301076,1909f56bfc062723c751e8b465ee728b)
Start importing Assets/Materials/blue.mat using Guid(e0f742f015abc9943b4a77db2095bb01) Importer(815301076,1909f56bfc062723c751e8b465ee728b)  -> (artifact id: '665dfaee516a1da2a2ffcd977579ebe4') in 0.028541 seconds 
========================================================================
Received Import Request.
  Time since last request: 0.000283 seconds.
  path: Assets/Materials/유턴2.mat
  artifactKey: Guid(662db0645c31c8e42a50ff4a4252e2f3) Importer(815301076,1909f56bfc062723c751e8b465ee728b)
Start importing Assets/Materials/유턴2.mat using Guid(662db0645c31c8e42a50ff4a4252e2f3) Importer(815301076,1909f56bfc062723c751e8b465ee728b)  -> (artifact id: '8be7d7e0c68b271988c61fd76744daf2') in 0.029080 seconds 
========================================================================
Received Import Request.
  Time since last request: 0.000256 seconds.
  path: Assets/Materials/RedCC0405.mat
  artifactKey: Guid(c7c8764223e35c04a95193669ac279e6) Importer(815301076,1909f56bfc062723c751e8b465ee728b)
Start importing Assets/Materials/RedCC0405.mat using Guid(c7c8764223e35c04a95193669ac279e6) Importer(815301076,1909f56bfc062723c751e8b465ee728b)  -> (artifact id: '62cb55b573bea4ed860168ee86699987') in 0.030165 seconds 
========================================================================
Received Import Request.
  Time since last request: 0.000282 seconds.
  path: Assets/Materials/Yellow.mat
  artifactKey: Guid(44927c33385f50c4086c16f68fa1b9fb) Importer(815301076,1909f56bfc062723c751e8b465ee728b)
Start importing Assets/Materials/Yellow.mat using Guid(44927c33385f50c4086c16f68fa1b9fb) Importer(815301076,1909f56bfc062723c751e8b465ee728b)  -> (artifact id: '249be1d60fd0495f196b564fee312bd1') in 0.028079 seconds 
========================================================================
Received Import Request.
  Time since last request: 0.000302 seconds.
  path: Assets/Materials/30.png
  artifactKey: Guid(47f000d25b47a674d81e8345fd64d7ee) Importer(815301076,1909f56bfc062723c751e8b465ee728b)
Start importing Assets/Materials/30.png using Guid(47f000d25b47a674d81e8345fd64d7ee) Importer(815301076,1909f56bfc062723c751e8b465ee728b)  -> (artifact id: '15ae530543480023b473f8692b71e4af') in 0.029542 seconds 
========================================================================
Received Import Request.
  Time since last request: 0.000355 seconds.
  path: Assets/Materials/Green.mat
  artifactKey: Guid(222bee527201a264b8d8e5c1615f2a10) Importer(815301076,1909f56bfc062723c751e8b465ee728b)
Start importing Assets/Materials/Green.mat using Guid(222bee527201a264b8d8e5c1615f2a10) Importer(815301076,1909f56bfc062723c751e8b465ee728b)  -> (artifact id: '101d9911124964c9c1b6a17d9c55d3e5') in 0.033846 seconds 
========================================================================
Received Import Request.
  Time since last request: 0.000309 seconds.
  path: Assets/Materials/White.mat
  artifactKey: Guid(8fbcee8be8a8ef64b85a3b7d974edf77) Importer(815301076,1909f56bfc062723c751e8b465ee728b)
Start importing Assets/Materials/White.mat using Guid(8fbcee8be8a8ef64b85a3b7d974edf77) Importer(815301076,1909f56bfc062723c751e8b465ee728b)  -> (artifact id: '8438f110e44c7e8797e7fd6612e9b5f8') in 0.029309 seconds 
========================================================================
Received Import Request.
  Time since last request: 0.000624 seconds.
  path: Assets/Materials/부경대 캠퍼스.png
  artifactKey: Guid(ee7dc6f4b4949ed43a2c57e991b7d6e1) Importer(815301076,1909f56bfc062723c751e8b465ee728b)
Start importing Assets/Materials/부경대 캠퍼스.png using Guid(ee7dc6f4b4949ed43a2c57e991b7d6e1) Importer(815301076,1909f56bfc062723c751e8b465ee728b)  -> (artifact id: 'e866322939e99e4cdb62ac1f65fea01c') in 0.022100 seconds 
========================================================================
Received Import Request.
  Time since last request: 0.000403 seconds.
  path: Assets/Particles/Explosion Particles.prefab
  artifactKey: Guid(37c05b4c43ff8b248978176693880b33) Importer(815301076,1909f56bfc062723c751e8b465ee728b)
Start importing Assets/Particles/Explosion Particles.prefab using Guid(37c05b4c43ff8b248978176693880b33) Importer(815301076,1909f56bfc062723c751e8b465ee728b)  -> (artifact id: '48a1b16278aae7032aa157cd7be4b036') in 0.051024 seconds 
========================================================================
Received Import Request.
  Time since last request: 0.000323 seconds.
  path: Assets/Materials/New Render Texture.renderTexture
  artifactKey: Guid(360cccb1077ee57499b2252a6f0d4357) Importer(815301076,1909f56bfc062723c751e8b465ee728b)
Start importing Assets/Materials/New Render Texture.renderTexture using Guid(360cccb1077ee57499b2252a6f0d4357) Importer(815301076,1909f56bfc062723c751e8b465ee728b)  -> (artifact id: '583647f15eb0ce0fe11e71f1aea22b9a') in 0.039013 seconds 
========================================================================
Received Import Request.
  Time since last request: 0.000570 seconds.
  path: Assets/Materials/New Material.mat
  artifactKey: Guid(2129403803cbd6943bc53a0084371c89) Importer(815301076,1909f56bfc062723c751e8b465ee728b)
Start importing Assets/Materials/New Material.mat using Guid(2129403803cbd6943bc53a0084371c89) Importer(815301076,1909f56bfc062723c751e8b465ee728b)  -> (artifact id: 'c6d58c2be4a6c2dd20d346ffe051737e') in 0.036132 seconds 
========================================================================
Received Import Request.
  Time since last request: 0.000304 seconds.
  path: Assets/Particles/BOOM 1.WAV
  artifactKey: Guid(a27827fae209b2c4a8746d6545388fa9) Importer(815301076,1909f56bfc062723c751e8b465ee728b)
Start importing Assets/Particles/BOOM 1.WAV using Guid(a27827fae209b2c4a8746d6545388fa9) Importer(815301076,1909f56bfc062723c751e8b465ee728b)  -> (artifact id: '9b5aa0cd4117f472044845c9877aa116') in 0.039190 seconds 
========================================================================
Received Import Request.
  Time since last request: 0.000431 seconds.
  path: Assets/Materials/유턴3.mat
  artifactKey: Guid(a1f96e778cb82a648a445b22aedf1270) Importer(815301076,1909f56bfc062723c751e8b465ee728b)
Start importing Assets/Materials/유턴3.mat using Guid(a1f96e778cb82a648a445b22aedf1270) Importer(815301076,1909f56bfc062723c751e8b465ee728b)  -> (artifact id: 'a53ca9612bed7bddd9fca0fa22348f2e') in 0.029452 seconds 
========================================================================
Received Import Request.
  Time since last request: 0.000251 seconds.
  path: Assets/Materials/bullet_body.mat
  artifactKey: Guid(6cfaf8d6bd6d3394f9209eb9a34768dd) Importer(815301076,1909f56bfc062723c751e8b465ee728b)
Start importing Assets/Materials/bullet_body.mat using Guid(6cfaf8d6bd6d3394f9209eb9a34768dd) Importer(815301076,1909f56bfc062723c751e8b465ee728b)  -> (artifact id: '1c5fa4f9a36cd6ee29b8c70f5635451a') in 0.030161 seconds 
========================================================================
Received Import Request.
  Time since last request: 0.000324 seconds.
  path: Assets/Materials/20.png
  artifactKey: Guid(bf3b3083d0d39a14da93be9115eee91d) Importer(815301076,1909f56bfc062723c751e8b465ee728b)
Start importing Assets/Materials/20.png using Guid(bf3b3083d0d39a14da93be9115eee91d) Importer(815301076,1909f56bfc062723c751e8b465ee728b)  -> (artifact id: '0e1882499880ee5c43b9e850e06d64c3') in 0.027459 seconds 
========================================================================
Received Import Request.
  Time since last request: 9.281942 seconds.
  path: Assets/Scenes/ForResearch/TurnLeft_2.unity
  artifactKey: Guid(70cc5e379a4dde543a33370ad0aef5a7) Importer(815301076,1909f56bfc062723c751e8b465ee728b)
Start importing Assets/Scenes/ForResearch/TurnLeft_2.unity using Guid(70cc5e379a4dde543a33370ad0aef5a7) Importer(815301076,1909f56bfc062723c751e8b465ee728b)  -> (artifact id: 'ba3cd3f0967d6a9e7a40972b53d19a79') in 0.007604 seconds 
========================================================================
Received Import Request.
  Time since last request: 0.409309 seconds.
  path: Assets/Scenes/ForResearch/S_Turn_1.unity
  artifactKey: Guid(cd1ec1a71a40df642b6c23beb286d313) Importer(815301076,1909f56bfc062723c751e8b465ee728b)
Start importing Assets/Scenes/ForResearch/S_Turn_1.unity using Guid(cd1ec1a71a40df642b6c23beb286d313) Importer(815301076,1909f56bfc062723c751e8b465ee728b)  -> (artifact id: '7a697a6a651d2a77ba4e1999406eb479') in 0.011254 seconds 
========================================================================
Received Import Request.
  Time since last request: 0.357182 seconds.
  path: Assets/Scenes/ForResearch/NewStart.unity
  artifactKey: Guid(a910f423924e56343afe0a58a57fb701) Importer(815301076,1909f56bfc062723c751e8b465ee728b)
Start importing Assets/Scenes/ForResearch/NewStart.unity using Guid(a910f423924e56343afe0a58a57fb701) Importer(815301076,1909f56bfc062723c751e8b465ee728b)  -> (artifact id: '4eec7049265165db7d83cec0b9a783ec') in 0.011765 seconds 
========================================================================
Received Prepare
Registering precompiled user dll's ...
Registered in 0.009487 seconds.
Begin MonoManager ReloadAssembly
Native extension for WindowsStandalone target not found
Native extension for WebGL target not found
Refreshing native plugins compatible for Editor in 0.90 ms, found 3 plugins.
Preloading 0 native plugins for Editor in 0.00 ms.
Mono: successfully reloaded assembly
- Completed reload, in  1.276 seconds
Domain Reload Profiling:
	ReloadAssembly (1277ms)
		BeginReloadAssembly (183ms)
			ExecutionOrderSort (0ms)
			DisableScriptedObjects (4ms)
			BackupInstance (0ms)
			ReleaseScriptingObjects (0ms)
			CreateAndSetChildDomain (39ms)
		EndReloadAssembly (1020ms)
			LoadAssemblies (145ms)
			RebuildTransferFunctionScriptingTraits (0ms)
			SetupTypeCache (298ms)
			ReleaseScriptCaches (1ms)
			RebuildScriptCaches (37ms)
			SetupLoadedEditorAssemblies (446ms)
				LogAssemblyErrors (0ms)
				InitializePlatformSupportModulesInManaged (7ms)
				SetLoadedEditorAssemblies (1ms)
				RefreshPlugins (1ms)
				BeforeProcessingInitializeOnLoad (104ms)
				ProcessInitializeOnLoadAttributes (282ms)
				ProcessInitializeOnLoadMethodAttributes (16ms)
				AfterProcessingInitializeOnLoad (35ms)
				EditorAssembliesLoaded (0ms)
			ExecutionOrderSort2 (0ms)
			AwakeInstancesAfterBackupRestoration (16ms)
Platform modules already initialized, skipping
Refreshing native plugins compatible for Editor in 0.66 ms, found 3 plugins.
Preloading 0 native plugins for Editor in 0.00 ms.
Unloading 2461 Unused Serialized files (Serialized files now loaded: 0)
System memory in use before: 113.7 MB.
System memory in use after: 113.9 MB.

Unloading 17 unused Assets to reduce memory usage. Loaded Objects now: 2992.
Total: 3.685300 ms (FindLiveObjects: 0.271100 ms CreateObjectMapping: 0.073100 ms MarkObjects: 3.245900 ms  DeleteObjects: 0.093300 ms)

AssetImportParameters requested are different than current active one (requested -> active):
  custom:framework-win-MediaFoundation: 216162199b28c13a410421893ffa2e32 -> 
  custom:video-decoder-ogg-theora: a1e56fd34408186e4bbccfd4996cb3dc -> 
  custom:container-muxer-webm: aa71ff27fc2769a1b78a27578f13a17b -> 
  custom:container-demuxer-webm: 4f35f7cbe854078d1ac9338744f61a02 -> 
  custom:container-demuxer-ogg: 62fdf1f143b41e24485cea50d1cbac27 -> 
  custom:video-encoder-webm-vp8: eb34c28f22e8b96e1ab97ce403110664 -> 
  custom:video-decoder-webm-vp8: 9c59270c3fd7afecdb556c50c9e8de78 -> 
  custom:audio-decoder-ogg-vorbis: bf7c407c2cedff20999df2af8eb42d56 -> 
  custom:audio-encoder-webm-vorbis: bf7c407c2cedff20999df2af8eb42d56 -> 
========================================================================
Received Prepare
Registering precompiled user dll's ...
Registered in 0.026018 seconds.
Begin MonoManager ReloadAssembly
Native extension for WindowsStandalone target not found
Native extension for WebGL target not found
Refreshing native plugins compatible for Editor in 1.47 ms, found 3 plugins.
Preloading 0 native plugins for Editor in 0.00 ms.
Mono: successfully reloaded assembly
- Completed reload, in  2.312 seconds
Domain Reload Profiling:
	ReloadAssembly (2313ms)
		BeginReloadAssembly (351ms)
			ExecutionOrderSort (0ms)
			DisableScriptedObjects (8ms)
			BackupInstance (0ms)
			ReleaseScriptingObjects (0ms)
			CreateAndSetChildDomain (57ms)
		EndReloadAssembly (1791ms)
			LoadAssemblies (365ms)
			RebuildTransferFunctionScriptingTraits (0ms)
			SetupTypeCache (464ms)
			ReleaseScriptCaches (1ms)
			RebuildScriptCaches (48ms)
			SetupLoadedEditorAssemblies (888ms)
				LogAssemblyErrors (0ms)
				InitializePlatformSupportModulesInManaged (16ms)
				SetLoadedEditorAssemblies (1ms)
				RefreshPlugins (2ms)
				BeforeProcessingInitializeOnLoad (339ms)
				ProcessInitializeOnLoadAttributes (489ms)
				ProcessInitializeOnLoadMethodAttributes (13ms)
				AfterProcessingInitializeOnLoad (28ms)
				EditorAssembliesLoaded (0ms)
			ExecutionOrderSort2 (0ms)
			AwakeInstancesAfterBackupRestoration (8ms)
Platform modules already initialized, skipping
Refreshing native plugins compatible for Editor in 1.17 ms, found 3 plugins.
Preloading 0 native plugins for Editor in 0.00 ms.
Unloading 2461 Unused Serialized files (Serialized files now loaded: 0)
System memory in use before: 113.8 MB.
System memory in use after: 113.9 MB.

Unloading 16 unused Assets to reduce memory usage. Loaded Objects now: 2995.
Total: 6.241300 ms (FindLiveObjects: 0.912500 ms CreateObjectMapping: 0.433200 ms MarkObjects: 4.781900 ms  DeleteObjects: 0.112200 ms)

AssetImportParameters requested are different than current active one (requested -> active):
  custom:framework-win-MediaFoundation: 216162199b28c13a410421893ffa2e32 -> 
  custom:video-decoder-ogg-theora: a1e56fd34408186e4bbccfd4996cb3dc -> 
  custom:container-muxer-webm: aa71ff27fc2769a1b78a27578f13a17b -> 
  custom:container-demuxer-webm: 4f35f7cbe854078d1ac9338744f61a02 -> 
  custom:container-demuxer-ogg: 62fdf1f143b41e24485cea50d1cbac27 -> 
  custom:video-encoder-webm-vp8: eb34c28f22e8b96e1ab97ce403110664 -> 
  custom:video-decoder-webm-vp8: 9c59270c3fd7afecdb556c50c9e8de78 -> 
  custom:audio-decoder-ogg-vorbis: bf7c407c2cedff20999df2af8eb42d56 -> 
  custom:audio-encoder-webm-vorbis: bf7c407c2cedff20999df2af8eb42d56 -> 
========================================================================
Received Prepare
Registering precompiled user dll's ...
Registered in 0.010476 seconds.
Begin MonoManager ReloadAssembly
Native extension for WindowsStandalone target not found
Native extension for WebGL target not found
Refreshing native plugins compatible for Editor in 0.69 ms, found 3 plugins.
Preloading 0 native plugins for Editor in 0.00 ms.
Mono: successfully reloaded assembly
- Completed reload, in  1.206 seconds
Domain Reload Profiling:
	ReloadAssembly (1207ms)
		BeginReloadAssembly (182ms)
			ExecutionOrderSort (0ms)
			DisableScriptedObjects (5ms)
			BackupInstance (0ms)
			ReleaseScriptingObjects (0ms)
			CreateAndSetChildDomain (37ms)
		EndReloadAssembly (946ms)
			LoadAssemblies (165ms)
			RebuildTransferFunctionScriptingTraits (0ms)
			SetupTypeCache (282ms)
			ReleaseScriptCaches (1ms)
			RebuildScriptCaches (40ms)
			SetupLoadedEditorAssemblies (392ms)
				LogAssemblyErrors (0ms)
				InitializePlatformSupportModulesInManaged (6ms)
				SetLoadedEditorAssemblies (0ms)
				RefreshPlugins (1ms)
				BeforeProcessingInitializeOnLoad (112ms)
				ProcessInitializeOnLoadAttributes (240ms)
				ProcessInitializeOnLoadMethodAttributes (11ms)
				AfterProcessingInitializeOnLoad (21ms)
				EditorAssembliesLoaded (0ms)
			ExecutionOrderSort2 (0ms)
			AwakeInstancesAfterBackupRestoration (6ms)
Platform modules already initialized, skipping
Refreshing native plugins compatible for Editor in 0.65 ms, found 3 plugins.
Preloading 0 native plugins for Editor in 0.00 ms.
Unloading 2461 Unused Serialized files (Serialized files now loaded: 0)
System memory in use before: 113.8 MB.
System memory in use after: 114.0 MB.

Unloading 16 unused Assets to reduce memory usage. Loaded Objects now: 2998.
Total: 3.579800 ms (FindLiveObjects: 0.266200 ms CreateObjectMapping: 0.094600 ms MarkObjects: 3.139600 ms  DeleteObjects: 0.077800 ms)

AssetImportParameters requested are different than current active one (requested -> active):
  custom:framework-win-MediaFoundation: 216162199b28c13a410421893ffa2e32 -> 
  custom:video-decoder-ogg-theora: a1e56fd34408186e4bbccfd4996cb3dc -> 
  custom:container-muxer-webm: aa71ff27fc2769a1b78a27578f13a17b -> 
  custom:container-demuxer-webm: 4f35f7cbe854078d1ac9338744f61a02 -> 
  custom:container-demuxer-ogg: 62fdf1f143b41e24485cea50d1cbac27 -> 
  custom:video-encoder-webm-vp8: eb34c28f22e8b96e1ab97ce403110664 -> 
  custom:video-decoder-webm-vp8: 9c59270c3fd7afecdb556c50c9e8de78 -> 
  custom:audio-decoder-ogg-vorbis: bf7c407c2cedff20999df2af8eb42d56 -> 
  custom:audio-encoder-webm-vorbis: bf7c407c2cedff20999df2af8eb42d56 -> 
========================================================================
Received Prepare
Registering precompiled user dll's ...
Registered in 0.009352 seconds.
Begin MonoManager ReloadAssembly
Native extension for WindowsStandalone target not found
Native extension for WebGL target not found
Refreshing native plugins compatible for Editor in 0.74 ms, found 3 plugins.
Preloading 0 native plugins for Editor in 0.00 ms.
Mono: successfully reloaded assembly
- Completed reload, in  1.401 seconds
Domain Reload Profiling:
	ReloadAssembly (1402ms)
		BeginReloadAssembly (200ms)
			ExecutionOrderSort (0ms)
			DisableScriptedObjects (4ms)
			BackupInstance (0ms)
			ReleaseScriptingObjects (0ms)
			CreateAndSetChildDomain (39ms)
		EndReloadAssembly (1101ms)
			LoadAssemblies (199ms)
			RebuildTransferFunctionScriptingTraits (0ms)
			SetupTypeCache (327ms)
			ReleaseScriptCaches (1ms)
			RebuildScriptCaches (38ms)
			SetupLoadedEditorAssemblies (470ms)
				LogAssemblyErrors (0ms)
				InitializePlatformSupportModulesInManaged (6ms)
				SetLoadedEditorAssemblies (0ms)
				RefreshPlugins (1ms)
				BeforeProcessingInitializeOnLoad (113ms)
				ProcessInitializeOnLoadAttributes (315ms)
				ProcessInitializeOnLoadMethodAttributes (11ms)
				AfterProcessingInitializeOnLoad (24ms)
				EditorAssembliesLoaded (0ms)
			ExecutionOrderSort2 (0ms)
			AwakeInstancesAfterBackupRestoration (9ms)
Platform modules already initialized, skipping
Refreshing native plugins compatible for Editor in 1.27 ms, found 3 plugins.
Preloading 0 native plugins for Editor in 0.00 ms.
Unloading 2461 Unused Serialized files (Serialized files now loaded: 0)
System memory in use before: 113.8 MB.
System memory in use after: 114.0 MB.

Unloading 16 unused Assets to reduce memory usage. Loaded Objects now: 3001.
Total: 5.420600 ms (FindLiveObjects: 0.625700 ms CreateObjectMapping: 0.085900 ms MarkObjects: 4.614500 ms  DeleteObjects: 0.091800 ms)

AssetImportParameters requested are different than current active one (requested -> active):
  custom:framework-win-MediaFoundation: 216162199b28c13a410421893ffa2e32 -> 
  custom:video-decoder-ogg-theora: a1e56fd34408186e4bbccfd4996cb3dc -> 
  custom:container-muxer-webm: aa71ff27fc2769a1b78a27578f13a17b -> 
  custom:container-demuxer-webm: 4f35f7cbe854078d1ac9338744f61a02 -> 
  custom:container-demuxer-ogg: 62fdf1f143b41e24485cea50d1cbac27 -> 
  custom:video-encoder-webm-vp8: eb34c28f22e8b96e1ab97ce403110664 -> 
  custom:video-decoder-webm-vp8: 9c59270c3fd7afecdb556c50c9e8de78 -> 
  custom:audio-decoder-ogg-vorbis: bf7c407c2cedff20999df2af8eb42d56 -> 
  custom:audio-encoder-webm-vorbis: bf7c407c2cedff20999df2af8eb42d56 -> 
========================================================================
Received Prepare
Registering precompiled user dll's ...
Registered in 0.012968 seconds.
Begin MonoManager ReloadAssembly
Native extension for WindowsStandalone target not found
Native extension for WebGL target not found
Refreshing native plugins compatible for Editor in 0.69 ms, found 3 plugins.
Preloading 0 native plugins for Editor in 0.00 ms.
Mono: successfully reloaded assembly
- Completed reload, in  1.357 seconds
Domain Reload Profiling:
	ReloadAssembly (1358ms)
		BeginReloadAssembly (220ms)
			ExecutionOrderSort (0ms)
			DisableScriptedObjects (5ms)
			BackupInstance (0ms)
			ReleaseScriptingObjects (0ms)
			CreateAndSetChildDomain (41ms)
		EndReloadAssembly (1053ms)
			LoadAssemblies (208ms)
			RebuildTransferFunctionScriptingTraits (0ms)
			SetupTypeCache (319ms)
			ReleaseScriptCaches (1ms)
			RebuildScriptCaches (45ms)
			SetupLoadedEditorAssemblies (422ms)
				LogAssemblyErrors (0ms)
				InitializePlatformSupportModulesInManaged (6ms)
				SetLoadedEditorAssemblies (0ms)
				RefreshPlugins (1ms)
				BeforeProcessingInitializeOnLoad (109ms)
				ProcessInitializeOnLoadAttributes (275ms)
				ProcessInitializeOnLoadMethodAttributes (9ms)
				AfterProcessingInitializeOnLoad (21ms)
				EditorAssembliesLoaded (0ms)
			ExecutionOrderSort2 (0ms)
			AwakeInstancesAfterBackupRestoration (6ms)
Platform modules already initialized, skipping
Refreshing native plugins compatible for Editor in 0.78 ms, found 3 plugins.
Preloading 0 native plugins for Editor in 0.00 ms.
Unloading 2461 Unused Serialized files (Serialized files now loaded: 0)
System memory in use before: 113.8 MB.
System memory in use after: 114.0 MB.

Unloading 16 unused Assets to reduce memory usage. Loaded Objects now: 3004.
Total: 3.982000 ms (FindLiveObjects: 0.286100 ms CreateObjectMapping: 0.088700 ms MarkObjects: 3.509900 ms  DeleteObjects: 0.095700 ms)

AssetImportParameters requested are different than current active one (requested -> active):
  custom:framework-win-MediaFoundation: 216162199b28c13a410421893ffa2e32 -> 
  custom:video-decoder-ogg-theora: a1e56fd34408186e4bbccfd4996cb3dc -> 
  custom:container-muxer-webm: aa71ff27fc2769a1b78a27578f13a17b -> 
  custom:container-demuxer-webm: 4f35f7cbe854078d1ac9338744f61a02 -> 
  custom:container-demuxer-ogg: 62fdf1f143b41e24485cea50d1cbac27 -> 
  custom:video-encoder-webm-vp8: eb34c28f22e8b96e1ab97ce403110664 -> 
  custom:video-decoder-webm-vp8: 9c59270c3fd7afecdb556c50c9e8de78 -> 
  custom:audio-decoder-ogg-vorbis: bf7c407c2cedff20999df2af8eb42d56 -> 
  custom:audio-encoder-webm-vorbis: bf7c407c2cedff20999df2af8eb42d56 -> 
========================================================================
Received Prepare
Registering precompiled user dll's ...
Registered in 0.007593 seconds.
Begin MonoManager ReloadAssembly
Native extension for WindowsStandalone target not found
Native extension for WebGL target not found
Refreshing native plugins compatible for Editor in 0.72 ms, found 3 plugins.
Preloading 0 native plugins for Editor in 0.00 ms.
Mono: successfully reloaded assembly
- Completed reload, in  1.201 seconds
Domain Reload Profiling:
	ReloadAssembly (1202ms)
		BeginReloadAssembly (180ms)
			ExecutionOrderSort (0ms)
			DisableScriptedObjects (4ms)
			BackupInstance (0ms)
			ReleaseScriptingObjects (0ms)
			CreateAndSetChildDomain (43ms)
		EndReloadAssembly (939ms)
			LoadAssemblies (163ms)
			RebuildTransferFunctionScriptingTraits (0ms)
			SetupTypeCache (288ms)
			ReleaseScriptCaches (1ms)
			RebuildScriptCaches (38ms)
			SetupLoadedEditorAssemblies (390ms)
				LogAssemblyErrors (0ms)
				InitializePlatformSupportModulesInManaged (5ms)
				SetLoadedEditorAssemblies (0ms)
				RefreshPlugins (1ms)
				BeforeProcessingInitializeOnLoad (97ms)
				ProcessInitializeOnLoadAttributes (256ms)
				ProcessInitializeOnLoadMethodAttributes (9ms)
				AfterProcessingInitializeOnLoad (22ms)
				EditorAssembliesLoaded (0ms)
			ExecutionOrderSort2 (0ms)
			AwakeInstancesAfterBackupRestoration (6ms)
Platform modules already initialized, skipping
Refreshing native plugins compatible for Editor in 0.71 ms, found 3 plugins.
Preloading 0 native plugins for Editor in 0.00 ms.
Unloading 2461 Unused Serialized files (Serialized files now loaded: 0)
System memory in use before: 113.8 MB.
System memory in use after: 114.0 MB.

Unloading 16 unused Assets to reduce memory usage. Loaded Objects now: 3007.
Total: 3.925400 ms (FindLiveObjects: 0.262800 ms CreateObjectMapping: 0.076800 ms MarkObjects: 3.484400 ms  DeleteObjects: 0.099800 ms)

AssetImportParameters requested are different than current active one (requested -> active):
  custom:framework-win-MediaFoundation: 216162199b28c13a410421893ffa2e32 -> 
  custom:video-decoder-ogg-theora: a1e56fd34408186e4bbccfd4996cb3dc -> 
  custom:container-muxer-webm: aa71ff27fc2769a1b78a27578f13a17b -> 
  custom:container-demuxer-webm: 4f35f7cbe854078d1ac9338744f61a02 -> 
  custom:container-demuxer-ogg: 62fdf1f143b41e24485cea50d1cbac27 -> 
  custom:video-encoder-webm-vp8: eb34c28f22e8b96e1ab97ce403110664 -> 
  custom:video-decoder-webm-vp8: 9c59270c3fd7afecdb556c50c9e8de78 -> 
  custom:audio-decoder-ogg-vorbis: bf7c407c2cedff20999df2af8eb42d56 -> 
  custom:audio-encoder-webm-vorbis: bf7c407c2cedff20999df2af8eb42d56 -> 
========================================================================
Received Prepare
Registering precompiled user dll's ...
Registered in 0.008904 seconds.
Begin MonoManager ReloadAssembly
Native extension for WindowsStandalone target not found
Native extension for WebGL target not found
Refreshing native plugins compatible for Editor in 0.65 ms, found 3 plugins.
Preloading 0 native plugins for Editor in 0.00 ms.
Mono: successfully reloaded assembly
- Completed reload, in  1.212 seconds
Domain Reload Profiling:
	ReloadAssembly (1212ms)
		BeginReloadAssembly (183ms)
			ExecutionOrderSort (0ms)
			DisableScriptedObjects (4ms)
			BackupInstance (0ms)
			ReleaseScriptingObjects (0ms)
			CreateAndSetChildDomain (41ms)
		EndReloadAssembly (943ms)
			LoadAssemblies (170ms)
			RebuildTransferFunctionScriptingTraits (0ms)
			SetupTypeCache (295ms)
			ReleaseScriptCaches (1ms)
			RebuildScriptCaches (37ms)
			SetupLoadedEditorAssemblies (378ms)
				LogAssemblyErrors (0ms)
				InitializePlatformSupportModulesInManaged (6ms)
				SetLoadedEditorAssemblies (0ms)
				RefreshPlugins (1ms)
				BeforeProcessingInitializeOnLoad (99ms)
				ProcessInitializeOnLoadAttributes (244ms)
				ProcessInitializeOnLoadMethodAttributes (9ms)
				AfterProcessingInitializeOnLoad (19ms)
				EditorAssembliesLoaded (0ms)
			ExecutionOrderSort2 (0ms)
			AwakeInstancesAfterBackupRestoration (9ms)
Platform modules already initialized, skipping
Refreshing native plugins compatible for Editor in 0.66 ms, found 3 plugins.
Preloading 0 native plugins for Editor in 0.00 ms.
Unloading 2461 Unused Serialized files (Serialized files now loaded: 0)
System memory in use before: 113.8 MB.
System memory in use after: 114.0 MB.

Unloading 16 unused Assets to reduce memory usage. Loaded Objects now: 3010.
Total: 3.552200 ms (FindLiveObjects: 0.246700 ms CreateObjectMapping: 0.067600 ms MarkObjects: 3.149000 ms  DeleteObjects: 0.087800 ms)

AssetImportParameters requested are different than current active one (requested -> active):
  custom:framework-win-MediaFoundation: 216162199b28c13a410421893ffa2e32 -> 
  custom:video-decoder-ogg-theora: a1e56fd34408186e4bbccfd4996cb3dc -> 
  custom:container-muxer-webm: aa71ff27fc2769a1b78a27578f13a17b -> 
  custom:container-demuxer-webm: 4f35f7cbe854078d1ac9338744f61a02 -> 
  custom:container-demuxer-ogg: 62fdf1f143b41e24485cea50d1cbac27 -> 
  custom:video-encoder-webm-vp8: eb34c28f22e8b96e1ab97ce403110664 -> 
  custom:video-decoder-webm-vp8: 9c59270c3fd7afecdb556c50c9e8de78 -> 
  custom:audio-decoder-ogg-vorbis: bf7c407c2cedff20999df2af8eb42d56 -> 
  custom:audio-encoder-webm-vorbis: bf7c407c2cedff20999df2af8eb42d56 -> 
========================================================================
Received Prepare
Registering precompiled user dll's ...
Registered in 0.009199 seconds.
Begin MonoManager ReloadAssembly
Native extension for WindowsStandalone target not found
Native extension for WebGL target not found
Refreshing native plugins compatible for Editor in 0.71 ms, found 3 plugins.
Preloading 0 native plugins for Editor in 0.00 ms.
Mono: successfully reloaded assembly
- Completed reload, in  1.198 seconds
Domain Reload Profiling:
	ReloadAssembly (1199ms)
		BeginReloadAssembly (206ms)
			ExecutionOrderSort (0ms)
			DisableScriptedObjects (4ms)
			BackupInstance (0ms)
			ReleaseScriptingObjects (0ms)
			CreateAndSetChildDomain (40ms)
		EndReloadAssembly (913ms)
			LoadAssemblies (191ms)
			RebuildTransferFunctionScriptingTraits (0ms)
			SetupTypeCache (276ms)
			ReleaseScriptCaches (1ms)
			RebuildScriptCaches (37ms)
			SetupLoadedEditorAssemblies (373ms)
				LogAssemblyErrors (0ms)
				InitializePlatformSupportModulesInManaged (5ms)
				SetLoadedEditorAssemblies (0ms)
				RefreshPlugins (1ms)
				BeforeProcessingInitializeOnLoad (100ms)
				ProcessInitializeOnLoadAttributes (238ms)
				ProcessInitializeOnLoadMethodAttributes (9ms)
				AfterProcessingInitializeOnLoad (19ms)
				EditorAssembliesLoaded (0ms)
			ExecutionOrderSort2 (0ms)
			AwakeInstancesAfterBackupRestoration (6ms)
Platform modules already initialized, skipping
Refreshing native plugins compatible for Editor in 0.65 ms, found 3 plugins.
Preloading 0 native plugins for Editor in 0.00 ms.
Unloading 2461 Unused Serialized files (Serialized files now loaded: 0)
System memory in use before: 113.9 MB.
System memory in use after: 114.0 MB.

Unloading 16 unused Assets to reduce memory usage. Loaded Objects now: 3013.
Total: 3.714700 ms (FindLiveObjects: 0.306900 ms CreateObjectMapping: 0.100100 ms MarkObjects: 3.217000 ms  DeleteObjects: 0.089000 ms)

AssetImportParameters requested are different than current active one (requested -> active):
  custom:framework-win-MediaFoundation: 216162199b28c13a410421893ffa2e32 -> 
  custom:video-decoder-ogg-theora: a1e56fd34408186e4bbccfd4996cb3dc -> 
  custom:container-muxer-webm: aa71ff27fc2769a1b78a27578f13a17b -> 
  custom:container-demuxer-webm: 4f35f7cbe854078d1ac9338744f61a02 -> 
  custom:container-demuxer-ogg: 62fdf1f143b41e24485cea50d1cbac27 -> 
  custom:video-encoder-webm-vp8: eb34c28f22e8b96e1ab97ce403110664 -> 
  custom:video-decoder-webm-vp8: 9c59270c3fd7afecdb556c50c9e8de78 -> 
  custom:audio-decoder-ogg-vorbis: bf7c407c2cedff20999df2af8eb42d56 -> 
  custom:audio-encoder-webm-vorbis: bf7c407c2cedff20999df2af8eb42d56 -> 
========================================================================
Received Prepare
Registering precompiled user dll's ...
Registered in 0.009684 seconds.
Begin MonoManager ReloadAssembly
Native extension for WindowsStandalone target not found
Native extension for WebGL target not found
Refreshing native plugins compatible for Editor in 0.74 ms, found 3 plugins.
Preloading 0 native plugins for Editor in 0.00 ms.
Mono: successfully reloaded assembly
- Completed reload, in  1.208 seconds
Domain Reload Profiling:
	ReloadAssembly (1209ms)
		BeginReloadAssembly (166ms)
			ExecutionOrderSort (0ms)
			DisableScriptedObjects (4ms)
			BackupInstance (0ms)
			ReleaseScriptingObjects (0ms)
			CreateAndSetChildDomain (33ms)
		EndReloadAssembly (961ms)
			LoadAssemblies (170ms)
			RebuildTransferFunctionScriptingTraits (0ms)
			SetupTypeCache (287ms)
			ReleaseScriptCaches (1ms)
			RebuildScriptCaches (43ms)
			SetupLoadedEditorAssemblies (385ms)
				LogAssemblyErrors (0ms)
				InitializePlatformSupportModulesInManaged (6ms)
				SetLoadedEditorAssemblies (0ms)
				RefreshPlugins (1ms)
				BeforeProcessingInitializeOnLoad (103ms)
				ProcessInitializeOnLoadAttributes (246ms)
				ProcessInitializeOnLoadMethodAttributes (9ms)
				AfterProcessingInitializeOnLoad (18ms)
				EditorAssembliesLoaded (0ms)
			ExecutionOrderSort2 (0ms)
			AwakeInstancesAfterBackupRestoration (6ms)
Platform modules already initialized, skipping
Refreshing native plugins compatible for Editor in 0.67 ms, found 3 plugins.
Preloading 0 native plugins for Editor in 0.00 ms.
Unloading 2461 Unused Serialized files (Serialized files now loaded: 0)
System memory in use before: 113.8 MB.
System memory in use after: 114.0 MB.

Unloading 16 unused Assets to reduce memory usage. Loaded Objects now: 3016.
Total: 3.746600 ms (FindLiveObjects: 0.265100 ms CreateObjectMapping: 0.069600 ms MarkObjects: 3.320600 ms  DeleteObjects: 0.090200 ms)

AssetImportParameters requested are different than current active one (requested -> active):
  custom:framework-win-MediaFoundation: 216162199b28c13a410421893ffa2e32 -> 
  custom:video-decoder-ogg-theora: a1e56fd34408186e4bbccfd4996cb3dc -> 
  custom:container-muxer-webm: aa71ff27fc2769a1b78a27578f13a17b -> 
  custom:container-demuxer-webm: 4f35f7cbe854078d1ac9338744f61a02 -> 
  custom:container-demuxer-ogg: 62fdf1f143b41e24485cea50d1cbac27 -> 
  custom:video-encoder-webm-vp8: eb34c28f22e8b96e1ab97ce403110664 -> 
  custom:video-decoder-webm-vp8: 9c59270c3fd7afecdb556c50c9e8de78 -> 
  custom:audio-decoder-ogg-vorbis: bf7c407c2cedff20999df2af8eb42d56 -> 
  custom:audio-encoder-webm-vorbis: bf7c407c2cedff20999df2af8eb42d56 -> 
========================================================================
Received Prepare
Registering precompiled user dll's ...
Registered in 0.008485 seconds.
Begin MonoManager ReloadAssembly
Native extension for WindowsStandalone target not found
Native extension for WebGL target not found
Refreshing native plugins compatible for Editor in 0.64 ms, found 3 plugins.
Preloading 0 native plugins for Editor in 0.00 ms.
Mono: successfully reloaded assembly
- Completed reload, in  1.217 seconds
Domain Reload Profiling:
	ReloadAssembly (1218ms)
		BeginReloadAssembly (213ms)
			ExecutionOrderSort (0ms)
			DisableScriptedObjects (5ms)
			BackupInstance (0ms)
			ReleaseScriptingObjects (0ms)
			CreateAndSetChildDomain (40ms)
		EndReloadAssembly (921ms)
			LoadAssemblies (196ms)
			RebuildTransferFunctionScriptingTraits (0ms)
			SetupTypeCache (288ms)
			ReleaseScriptCaches (1ms)
			RebuildScriptCaches (38ms)
			SetupLoadedEditorAssemblies (366ms)
				LogAssemblyErrors (0ms)
				InitializePlatformSupportModulesInManaged (6ms)
				SetLoadedEditorAssemblies (0ms)
				RefreshPlugins (1ms)
				BeforeProcessingInitializeOnLoad (97ms)
				ProcessInitializeOnLoadAttributes (235ms)
				ProcessInitializeOnLoadMethodAttributes (9ms)
				AfterProcessingInitializeOnLoad (18ms)
				EditorAssembliesLoaded (0ms)
			ExecutionOrderSort2 (0ms)
			AwakeInstancesAfterBackupRestoration (6ms)
Platform modules already initialized, skipping
Refreshing native plugins compatible for Editor in 1.17 ms, found 3 plugins.
Preloading 0 native plugins for Editor in 0.00 ms.
Unloading 2461 Unused Serialized files (Serialized files now loaded: 0)
System memory in use before: 113.9 MB.
System memory in use after: 114.0 MB.

Unloading 16 unused Assets to reduce memory usage. Loaded Objects now: 3019.
Total: 8.965100 ms (FindLiveObjects: 0.602700 ms CreateObjectMapping: 0.242500 ms MarkObjects: 8.014400 ms  DeleteObjects: 0.103000 ms)

AssetImportParameters requested are different than current active one (requested -> active):
  custom:framework-win-MediaFoundation: 216162199b28c13a410421893ffa2e32 -> 
  custom:video-decoder-ogg-theora: a1e56fd34408186e4bbccfd4996cb3dc -> 
  custom:container-muxer-webm: aa71ff27fc2769a1b78a27578f13a17b -> 
  custom:container-demuxer-webm: 4f35f7cbe854078d1ac9338744f61a02 -> 
  custom:container-demuxer-ogg: 62fdf1f143b41e24485cea50d1cbac27 -> 
  custom:video-encoder-webm-vp8: eb34c28f22e8b96e1ab97ce403110664 -> 
  custom:video-decoder-webm-vp8: 9c59270c3fd7afecdb556c50c9e8de78 -> 
  custom:audio-decoder-ogg-vorbis: bf7c407c2cedff20999df2af8eb42d56 -> 
  custom:audio-encoder-webm-vorbis: bf7c407c2cedff20999df2af8eb42d56 -> 
========================================================================
Received Prepare
Registering precompiled user dll's ...
Registered in 0.008242 seconds.
Begin MonoManager ReloadAssembly
Native extension for WindowsStandalone target not found
Native extension for WebGL target not found
Refreshing native plugins compatible for Editor in 0.72 ms, found 3 plugins.
Preloading 0 native plugins for Editor in 0.00 ms.
Mono: successfully reloaded assembly
- Completed reload, in  1.184 seconds
Domain Reload Profiling:
	ReloadAssembly (1185ms)
		BeginReloadAssembly (212ms)
			ExecutionOrderSort (0ms)
			DisableScriptedObjects (4ms)
			BackupInstance (0ms)
			ReleaseScriptingObjects (0ms)
			CreateAndSetChildDomain (44ms)
		EndReloadAssembly (894ms)
			LoadAssemblies (179ms)
			RebuildTransferFunctionScriptingTraits (0ms)
			SetupTypeCache (272ms)
			ReleaseScriptCaches (1ms)
			RebuildScriptCaches (36ms)
			SetupLoadedEditorAssemblies (364ms)
				LogAssemblyErrors (0ms)
				InitializePlatformSupportModulesInManaged (5ms)
				SetLoadedEditorAssemblies (1ms)
				RefreshPlugins (1ms)
				BeforeProcessingInitializeOnLoad (97ms)
				ProcessInitializeOnLoadAttributes (234ms)
				ProcessInitializeOnLoadMethodAttributes (9ms)
				AfterProcessingInitializeOnLoad (18ms)
				EditorAssembliesLoaded (0ms)
			ExecutionOrderSort2 (0ms)
			AwakeInstancesAfterBackupRestoration (6ms)
Platform modules already initialized, skipping
Refreshing native plugins compatible for Editor in 0.67 ms, found 3 plugins.
Preloading 0 native plugins for Editor in 0.00 ms.
Unloading 2461 Unused Serialized files (Serialized files now loaded: 0)
System memory in use before: 113.9 MB.
System memory in use after: 114.0 MB.

Unloading 16 unused Assets to reduce memory usage. Loaded Objects now: 3022.
Total: 3.490400 ms (FindLiveObjects: 0.270400 ms CreateObjectMapping: 0.096800 ms MarkObjects: 3.031400 ms  DeleteObjects: 0.090400 ms)

AssetImportParameters requested are different than current active one (requested -> active):
  custom:framework-win-MediaFoundation: 216162199b28c13a410421893ffa2e32 -> 
  custom:video-decoder-ogg-theora: a1e56fd34408186e4bbccfd4996cb3dc -> 
  custom:container-muxer-webm: aa71ff27fc2769a1b78a27578f13a17b -> 
  custom:container-demuxer-webm: 4f35f7cbe854078d1ac9338744f61a02 -> 
  custom:container-demuxer-ogg: 62fdf1f143b41e24485cea50d1cbac27 -> 
  custom:video-encoder-webm-vp8: eb34c28f22e8b96e1ab97ce403110664 -> 
  custom:video-decoder-webm-vp8: 9c59270c3fd7afecdb556c50c9e8de78 -> 
  custom:audio-decoder-ogg-vorbis: bf7c407c2cedff20999df2af8eb42d56 -> 
  custom:audio-encoder-webm-vorbis: bf7c407c2cedff20999df2af8eb42d56 -> 
========================================================================
Received Import Request.
  Time since last request: 850.400859 seconds.
  path: Assets/Scenes/ForResearch/Acceleration_Straight_Course.unity
  artifactKey: Guid(295be203b4285ff4b9c9b0982b3b1dfb) Importer(815301076,1909f56bfc062723c751e8b465ee728b)
Start importing Assets/Scenes/ForResearch/Acceleration_Straight_Course.unity using Guid(295be203b4285ff4b9c9b0982b3b1dfb) Importer(815301076,1909f56bfc062723c751e8b465ee728b)  -> (artifact id: 'f106b27fc6e180a53ba3ddbb92f8f1bc') in 0.019648 seconds 
========================================================================
Received Import Request.
  Time since last request: 0.669277 seconds.
  path: Assets/Scenes/ForResearch/AccTurn_Left 1.unity
  artifactKey: Guid(08f74a513e13de141a14f981af2035c3) Importer(815301076,1909f56bfc062723c751e8b465ee728b)
Start importing Assets/Scenes/ForResearch/AccTurn_Left 1.unity using Guid(08f74a513e13de141a14f981af2035c3) Importer(815301076,1909f56bfc062723c751e8b465ee728b)  -> (artifact id: '940b379c88d52ca89080e01dfd1ff55a') in 0.013037 seconds 
========================================================================
Received Import Request.
  Time since last request: 6.636191 seconds.
  path: Assets/signal/Straight_audio.wav
  artifactKey: Guid(bf6f9b672c9b385478743ca599b85645) Importer(815301076,1909f56bfc062723c751e8b465ee728b)
Start importing Assets/signal/Straight_audio.wav using Guid(bf6f9b672c9b385478743ca599b85645) Importer(815301076,1909f56bfc062723c751e8b465ee728b)  -> (artifact id: 'a6e2140df903d68bdc4cf2b4e9a4cf23') in 0.049579 seconds 
========================================================================
Received Import Request.
  Time since last request: 0.000360 seconds.
  path: Assets/signal/TurnLeft_Audio.wav
  artifactKey: Guid(54735618c6357a44581ea1b0a6fd6409) Importer(815301076,1909f56bfc062723c751e8b465ee728b)
Start importing Assets/signal/TurnLeft_Audio.wav using Guid(54735618c6357a44581ea1b0a6fd6409) Importer(815301076,1909f56bfc062723c751e8b465ee728b)  -> (artifact id: '3c6876c43d48c05651758e759e0a2027') in 0.038743 seconds 
========================================================================
Received Import Request.
  Time since last request: 0.000976 seconds.
  path: Assets/signal/UTurn_audio.wav
  artifactKey: Guid(9f07a94b17b8d0d46aa4d9405569c9b5) Importer(815301076,1909f56bfc062723c751e8b465ee728b)
Start importing Assets/signal/UTurn_audio.wav using Guid(9f07a94b17b8d0d46aa4d9405569c9b5) Importer(815301076,1909f56bfc062723c751e8b465ee728b)  -> (artifact id: 'ee3b7024ef42217040069a7ac8a4d095') in 0.040723 seconds 
========================================================================
Received Import Request.
  Time since last request: 0.000816 seconds.
  path: Assets/signal/TurnLeft_image.png
  artifactKey: Guid(99e781c1d7a735f45b9eaf62268f295e) Importer(815301076,1909f56bfc062723c751e8b465ee728b)
Start importing Assets/signal/TurnLeft_image.png using Guid(99e781c1d7a735f45b9eaf62268f295e) Importer(815301076,1909f56bfc062723c751e8b465ee728b)  -> (artifact id: '596a0f6ce72da8452424b5e1225889b0') in 0.060398 seconds 
========================================================================
Received Import Request.
  Time since last request: 0.000376 seconds.
  path: Assets/signal/TurnRight_image.png
  artifactKey: Guid(892b3ea61ceff5c4eb316d852e06c3e0) Importer(815301076,1909f56bfc062723c751e8b465ee728b)
Start importing Assets/signal/TurnRight_image.png using Guid(892b3ea61ceff5c4eb316d852e06c3e0) Importer(815301076,1909f56bfc062723c751e8b465ee728b)  -> (artifact id: '1a5628f3a937a711c5a0eab24af40ec4') in 0.041772 seconds 
========================================================================
Received Import Request.
  Time since last request: 0.000294 seconds.
  path: Assets/signal/straight_image.png
  artifactKey: Guid(178dcc36933bef74d9721bde38f676fa) Importer(815301076,1909f56bfc062723c751e8b465ee728b)
Start importing Assets/signal/straight_image.png using Guid(178dcc36933bef74d9721bde38f676fa) Importer(815301076,1909f56bfc062723c751e8b465ee728b)  -> (artifact id: '9fda5b570d0cb1f7cdf4b427fc1a5c94') in 0.042839 seconds 
========================================================================
Received Import Request.
  Time since last request: 0.000637 seconds.
  path: Assets/signal/TurnRight_Audio.wav
  artifactKey: Guid(c4b22d3d102180f42bfc542b324c70a1) Importer(815301076,1909f56bfc062723c751e8b465ee728b)
Start importing Assets/signal/TurnRight_Audio.wav using Guid(c4b22d3d102180f42bfc542b324c70a1) Importer(815301076,1909f56bfc062723c751e8b465ee728b)  -> (artifact id: '21386f9dc8eb080dcbceb48a31da2e2c') in 0.040965 seconds 
========================================================================
Received Import Request.
  Time since last request: 0.000857 seconds.
  path: Assets/signal/UTurn_image.png
  artifactKey: Guid(a05b4de852a1a9749b5c38bfc5461ecf) Importer(815301076,1909f56bfc062723c751e8b465ee728b)
Start importing Assets/signal/UTurn_image.png using Guid(a05b4de852a1a9749b5c38bfc5461ecf) Importer(815301076,1909f56bfc062723c751e8b465ee728b)  -> (artifact id: '7e7ec5884d3459f8261ffa7214fd0484') in 0.041232 seconds 
========================================================================
Received Import Request.
  Time since last request: 5.282203 seconds.
  path: Assets/Font/DalseoDarling.ttf
  artifactKey: Guid(c288769a652c12a4bb57e80c67683cf3) Importer(815301076,1909f56bfc062723c751e8b465ee728b)
Start importing Assets/Font/DalseoDarling.ttf using Guid(c288769a652c12a4bb57e80c67683cf3) Importer(815301076,1909f56bfc062723c751e8b465ee728b)  -> (artifact id: '377c455c854387dbfe9fed91efa08a58') in 0.053646 seconds 
========================================================================
Received Import Request.
  Time since last request: 0.000354 seconds.
  path: Assets/Font/FORTQUINSY.otf
  artifactKey: Guid(e9cbce0fd2918f44fa3854c62002d386) Importer(815301076,1909f56bfc062723c751e8b465ee728b)
Start importing Assets/Font/FORTQUINSY.otf using Guid(e9cbce0fd2918f44fa3854c62002d386) Importer(815301076,1909f56bfc062723c751e8b465ee728b)  -> (artifact id: 'fea9931059d2f29eaab097f77a874f30') in 0.041321 seconds 
========================================================================
Received Import Request.
  Time since last request: 1.175354 seconds.
  path: Assets/Prefabs/Sign.prefab
  artifactKey: Guid(01116720e392a6041ac3e917946a20e4) Importer(815301076,1909f56bfc062723c751e8b465ee728b)
Start importing Assets/Prefabs/Sign.prefab using Guid(01116720e392a6041ac3e917946a20e4) Importer(815301076,1909f56bfc062723c751e8b465ee728b)  -> (artifact id: '5c8d291da7c48d9ac7fac15893f43ed7') in 0.040431 seconds 
========================================================================
Received Import Request.
  Time since last request: 0.000395 seconds.
  path: Assets/Prefabs/UI_Cube.prefab
  artifactKey: Guid(8a6bde5a7b7108b499708beec7d36a68) Importer(815301076,1909f56bfc062723c751e8b465ee728b)
Start importing Assets/Prefabs/UI_Cube.prefab using Guid(8a6bde5a7b7108b499708beec7d36a68) Importer(815301076,1909f56bfc062723c751e8b465ee728b)  -> (artifact id: '23b9161d71cf8214f70f1c64f5ab8143') in 0.045906 seconds 
========================================================================
Received Import Request.
  Time since last request: 7.207344 seconds.
  path: Assets/Sound/10유지.wav
  artifactKey: Guid(04252324e8c2e7346975a2d0882f6af7) Importer(815301076,1909f56bfc062723c751e8b465ee728b)
Start importing Assets/Sound/10유지.wav using Guid(04252324e8c2e7346975a2d0882f6af7) Importer(815301076,1909f56bfc062723c751e8b465ee728b)  -> (artifact id: '6634589a6a65b2afed9aab3ae7eb5b30') in 0.033231 seconds 
========================================================================
Received Import Request.
  Time since last request: 0.000310 seconds.
  path: Assets/Sound/마지막 멘트.wav
  artifactKey: Guid(9b63c2838eb2bb84195cfa8347f0c208) Importer(815301076,1909f56bfc062723c751e8b465ee728b)
Start importing Assets/Sound/마지막 멘트.wav using Guid(9b63c2838eb2bb84195cfa8347f0c208) Importer(815301076,1909f56bfc062723c751e8b465ee728b)  -> (artifact id: '974b57fbfee42a802cb31b998137411d') in 0.034716 seconds 
========================================================================
Received Import Request.
  Time since last request: 0.000302 seconds.
  path: Assets/Sound/우회전3.wav
  artifactKey: Guid(cf67e43be6a5d2c498d17c55ece7a547) Importer(815301076,1909f56bfc062723c751e8b465ee728b)
Start importing Assets/Sound/우회전3.wav using Guid(cf67e43be6a5d2c498d17c55ece7a547) Importer(815301076,1909f56bfc062723c751e8b465ee728b)  -> (artifact id: 'df2ac535c977a33331e09cd832f8019e') in 0.035300 seconds 
========================================================================
Received Import Request.
  Time since last request: 0.000721 seconds.
  path: Assets/Sound/15유지.wav
  artifactKey: Guid(174eb73c727daa042b599f7fddfd3d1f) Importer(815301076,1909f56bfc062723c751e8b465ee728b)
Start importing Assets/Sound/15유지.wav using Guid(174eb73c727daa042b599f7fddfd3d1f) Importer(815301076,1909f56bfc062723c751e8b465ee728b)  -> (artifact id: '99d97884d42188b20d43bb442fe6cbc8') in 0.038877 seconds 
========================================================================
Received Import Request.
  Time since last request: 0.000797 seconds.
  path: Assets/Sound/좌회전1.wav
  artifactKey: Guid(119756c9b3ec7a544bccbd088dca42b7) Importer(815301076,1909f56bfc062723c751e8b465ee728b)
Start importing Assets/Sound/좌회전1.wav using Guid(119756c9b3ec7a544bccbd088dca42b7) Importer(815301076,1909f56bfc062723c751e8b465ee728b)  -> (artifact id: 'ff6bc87b23e69f5e46edc59774a66fa3') in 0.039088 seconds 
========================================================================
Received Import Request.
  Time since last request: 0.000799 seconds.
  path: Assets/Sound/돌발말.wav
  artifactKey: Guid(5ba6996c1fb3d47488d008564da9c845) Importer(815301076,1909f56bfc062723c751e8b465ee728b)
Start importing Assets/Sound/돌발말.wav using Guid(5ba6996c1fb3d47488d008564da9c845) Importer(815301076,1909f56bfc062723c751e8b465ee728b)  -> (artifact id: 'b0e3ec63f6284fca3c6fa32d26e46687') in 0.042902 seconds 
========================================================================
Received Import Request.
  Time since last request: 0.000785 seconds.
  path: Assets/Sound/MaxSpeedReady.wav
  artifactKey: Guid(d077a4c5d13865d4e826679b9926d5a6) Importer(815301076,1909f56bfc062723c751e8b465ee728b)
Start importing Assets/Sound/MaxSpeedReady.wav using Guid(d077a4c5d13865d4e826679b9926d5a6) Importer(815301076,1909f56bfc062723c751e8b465ee728b)  -> (artifact id: 'c6057d8bf954935104bff95df2fa8da3') in 0.038016 seconds 
========================================================================
Received Import Request.
  Time since last request: 0.000925 seconds.
  path: Assets/Sound/좌회전2.wav
  artifactKey: Guid(2bd5f5b4a060ee744b10691e29a67b00) Importer(815301076,1909f56bfc062723c751e8b465ee728b)
Start importing Assets/Sound/좌회전2.wav using Guid(2bd5f5b4a060ee744b10691e29a67b00) Importer(815301076,1909f56bfc062723c751e8b465ee728b)  -> (artifact id: 'd8b3ff479341ad956f99d4e8b06790bb') in 0.039441 seconds 
========================================================================
Received Import Request.
  Time since last request: 0.000749 seconds.
  path: Assets/Sound/우회전2.wav
  artifactKey: Guid(553954a496d411e428bf118f66fd61fd) Importer(815301076,1909f56bfc062723c751e8b465ee728b)
Start importing Assets/Sound/우회전2.wav using Guid(553954a496d411e428bf118f66fd61fd) Importer(815301076,1909f56bfc062723c751e8b465ee728b)  -> (artifact id: '49077128392d14d66e4ba6f980f27bc9') in 0.037205 seconds 
========================================================================
Received Import Request.
  Time since last request: 0.000705 seconds.
  path: Assets/Sound/돌발상황.mp3
  artifactKey: Guid(82a395e84b49fae4997ee7ffe504c31d) Importer(815301076,1909f56bfc062723c751e8b465ee728b)
Start importing Assets/Sound/돌발상황.mp3 using Guid(82a395e84b49fae4997ee7ffe504c31d) Importer(815301076,1909f56bfc062723c751e8b465ee728b)  -> (artifact id: '43d61a01df9943f536b9a82ee6f7fe2c') in 0.045565 seconds 
========================================================================
Received Import Request.
  Time since last request: 0.000644 seconds.
  path: Assets/Sound/S턴1.wav
  artifactKey: Guid(d61e7a306f2b7374caacd3a6f2bd4470) Importer(815301076,1909f56bfc062723c751e8b465ee728b)
Start importing Assets/Sound/S턴1.wav using Guid(d61e7a306f2b7374caacd3a6f2bd4470) Importer(815301076,1909f56bfc062723c751e8b465ee728b)  -> (artifact id: '70f209f5601576f7039ab4cfba417d47') in 0.033912 seconds 
========================================================================
Received Import Request.
  Time since last request: 0.000796 seconds.
  path: Assets/Sound/직선급정지.wav
  artifactKey: Guid(d9eef33ec0dad534583e770c281f3990) Importer(815301076,1909f56bfc062723c751e8b465ee728b)
Start importing Assets/Sound/직선급정지.wav using Guid(d9eef33ec0dad534583e770c281f3990) Importer(815301076,1909f56bfc062723c751e8b465ee728b)  -> (artifact id: '5591816a2258a4ec3469a1351f5aefda') in 0.036610 seconds 
========================================================================
Received Import Request.
  Time since last request: 0.000673 seconds.
  path: Assets/Sound/20 유지.wav
  artifactKey: Guid(bddcf6ea7b861584c980b99178adf5c3) Importer(815301076,1909f56bfc062723c751e8b465ee728b)
Start importing Assets/Sound/20 유지.wav using Guid(bddcf6ea7b861584c980b99178adf5c3) Importer(815301076,1909f56bfc062723c751e8b465ee728b)  -> (artifact id: 'b9a98a5a6d27e843693a3abd5d7875e0') in 0.042065 seconds 
========================================================================
Received Import Request.
  Time since last request: 0.000694 seconds.
  path: Assets/Sound/우회전급정지.wav
  artifactKey: Guid(5ba0e0b7986f92645b004a0c41348856) Importer(815301076,1909f56bfc062723c751e8b465ee728b)
Start importing Assets/Sound/우회전급정지.wav using Guid(5ba0e0b7986f92645b004a0c41348856) Importer(815301076,1909f56bfc062723c751e8b465ee728b)  -> (artifact id: 'e842979abf50ed91cb0dcb4d33f3a6b2') in 0.037922 seconds 
========================================================================
Received Import Request.
  Time since last request: 0.000887 seconds.
  path: Assets/Sound/좌회전3.wav
  artifactKey: Guid(d74143b15411b7c4fa691f5974a6c1d2) Importer(815301076,1909f56bfc062723c751e8b465ee728b)
Start importing Assets/Sound/좌회전3.wav using Guid(d74143b15411b7c4fa691f5974a6c1d2) Importer(815301076,1909f56bfc062723c751e8b465ee728b)  -> (artifact id: 'edb70133608e98410bf11c9f6c0b7f18') in 0.041489 seconds 
========================================================================
Received Import Request.
  Time since last request: 0.000402 seconds.
  path: Assets/Sound/좌회전급정지.wav
  artifactKey: Guid(b1bb7b959029cbf4f81269d0469f9c1f) Importer(815301076,1909f56bfc062723c751e8b465ee728b)
Start importing Assets/Sound/좌회전급정지.wav using Guid(b1bb7b959029cbf4f81269d0469f9c1f) Importer(815301076,1909f56bfc062723c751e8b465ee728b)  -> (artifact id: 'f7b30b1ac8bbfc1fcd13b97908986e04') in 0.036876 seconds 
========================================================================
Received Import Request.
  Time since last request: 0.000767 seconds.
  path: Assets/Sound/우회전1.wav
  artifactKey: Guid(4c3ce1d04cdebd446a218a95837dacb9) Importer(815301076,1909f56bfc062723c751e8b465ee728b)
Start importing Assets/Sound/우회전1.wav using Guid(4c3ce1d04cdebd446a218a95837dacb9) Importer(815301076,1909f56bfc062723c751e8b465ee728b)  -> (artifact id: '2b731c279c0374b476488ba37e346c62') in 0.046207 seconds 
========================================================================
Received Import Request.
  Time since last request: 0.000615 seconds.
  path: Assets/Sound/가속.wav
  artifactKey: Guid(122ff15d89330dd48aa55744b1368553) Importer(815301076,1909f56bfc062723c751e8b465ee728b)
Start importing Assets/Sound/가속.wav using Guid(122ff15d89330dd48aa55744b1368553) Importer(815301076,1909f56bfc062723c751e8b465ee728b)  -> (artifact id: '227143655212a04141833c50887708a4') in 0.034415 seconds 
========================================================================
Received Import Request.
  Time since last request: 0.000659 seconds.
  path: Assets/Sound/10준비.wav
  artifactKey: Guid(2802c79be519da64bb49c6ced3e69fcc) Importer(815301076,1909f56bfc062723c751e8b465ee728b)
Start importing Assets/Sound/10준비.wav using Guid(2802c79be519da64bb49c6ced3e69fcc) Importer(815301076,1909f56bfc062723c751e8b465ee728b)  -> (artifact id: 'cbebc42db20160cdce1920770815aac9') in 0.039385 seconds 
========================================================================
Received Import Request.
  Time since last request: 0.000281 seconds.
  path: Assets/Sound/20 준비.wav
  artifactKey: Guid(0f53a466febc8e14b923c76a753f9179) Importer(815301076,1909f56bfc062723c751e8b465ee728b)
Start importing Assets/Sound/20 준비.wav using Guid(0f53a466febc8e14b923c76a753f9179) Importer(815301076,1909f56bfc062723c751e8b465ee728b)  -> (artifact id: '8d49792af034265d21b2079709fc0cad') in 0.037831 seconds 
========================================================================
Received Import Request.
  Time since last request: 0.000943 seconds.
  path: Assets/Sound/좌회전가속.wav
  artifactKey: Guid(669373a1729080b488251fd0878ee6ac) Importer(815301076,1909f56bfc062723c751e8b465ee728b)
Start importing Assets/Sound/좌회전가속.wav using Guid(669373a1729080b488251fd0878ee6ac) Importer(815301076,1909f56bfc062723c751e8b465ee728b)  -> (artifact id: 'f9f3e0e84d6c3093aaa1490a132abda0') in 0.033286 seconds 
========================================================================
Received Import Request.
  Time since last request: 0.000903 seconds.
  path: Assets/Sound/직선가속.wav
  artifactKey: Guid(d83a03f973f6d65479c9c78e49963212) Importer(815301076,1909f56bfc062723c751e8b465ee728b)
Start importing Assets/Sound/직선가속.wav using Guid(d83a03f973f6d65479c9c78e49963212) Importer(815301076,1909f56bfc062723c751e8b465ee728b)  -> (artifact id: 'bc46e954f012a2df2825478da35b1eac') in 0.036293 seconds 
========================================================================
Received Import Request.
  Time since last request: 0.000361 seconds.
  path: Assets/Sound/15준비.wav
  artifactKey: Guid(9e54fc29403bcc0499f3917bd6fbb907) Importer(815301076,1909f56bfc062723c751e8b465ee728b)
Start importing Assets/Sound/15준비.wav using Guid(9e54fc29403bcc0499f3917bd6fbb907) Importer(815301076,1909f56bfc062723c751e8b465ee728b)  -> (artifact id: 'e607d7b8b8b82408c3f5261b8d149775') in 0.035372 seconds 
========================================================================
Received Import Request.
  Time since last request: 0.000437 seconds.
  path: Assets/Sound/우회전가속.wav
  artifactKey: Guid(cbeeacc019a3db64eacc274e78169af2) Importer(815301076,1909f56bfc062723c751e8b465ee728b)
Start importing Assets/Sound/우회전가속.wav using Guid(cbeeacc019a3db64eacc274e78169af2) Importer(815301076,1909f56bfc062723c751e8b465ee728b)  -> (artifact id: '39b26be3acbc06fe67997eaa5aef3586') in 0.035312 seconds 
========================================================================
Received Import Request.
  Time since last request: 0.000400 seconds.
  path: Assets/Sound/S턴3.wav
  artifactKey: Guid(4d7a4ebfb5f12c143a242b8597926f54) Importer(815301076,1909f56bfc062723c751e8b465ee728b)
Start importing Assets/Sound/S턴3.wav using Guid(4d7a4ebfb5f12c143a242b8597926f54) Importer(815301076,1909f56bfc062723c751e8b465ee728b)  -> (artifact id: 'fd60b0df61fbc970b7fe7ab78eb4cdd2') in 0.035017 seconds 
========================================================================
Received Import Request.
  Time since last request: 0.000908 seconds.
  path: Assets/Sound/S턴2.wav
  artifactKey: Guid(3792913b99eeea345852ae7511033024) Importer(815301076,1909f56bfc062723c751e8b465ee728b)
Start importing Assets/Sound/S턴2.wav using Guid(3792913b99eeea345852ae7511033024) Importer(815301076,1909f56bfc062723c751e8b465ee728b)  -> (artifact id: '9370d69d1c14a6529f56f82da38f09d8') in 0.040561 seconds 
========================================================================
Received Import Request.
  Time since last request: 13.683145 seconds.
  path: Assets/Scenes/ForResearch/Deceleration_Straight_Course.unity
  artifactKey: Guid(6cd546672b17b5d4d8c43cc08703bf12) Importer(815301076,1909f56bfc062723c751e8b465ee728b)
Start importing Assets/Scenes/ForResearch/Deceleration_Straight_Course.unity using Guid(6cd546672b17b5d4d8c43cc08703bf12) Importer(815301076,1909f56bfc062723c751e8b465ee728b)  -> (artifact id: '6ad5453e37e6cbc50cece5308ef5f9f2') in 0.012657 seconds 
========================================================================
Received Import Request.
  Time since last request: 0.378890 seconds.
  path: Assets/Scenes/ForResearch/DecTurn_Right 1.unity
  artifactKey: Guid(de7908053e7b5c94fbff8e6f538c1809) Importer(815301076,1909f56bfc062723c751e8b465ee728b)
Start importing Assets/Scenes/ForResearch/DecTurn_Right 1.unity using Guid(de7908053e7b5c94fbff8e6f538c1809) Importer(815301076,1909f56bfc062723c751e8b465ee728b)  -> (artifact id: 'b308706a01fb811f0e4b0c569de0c6e0') in 0.023751 seconds 
========================================================================
Received Import Request.
  Time since last request: 101.982835 seconds.
  path: Assets/Scenes/ForResearch/S_Turn_2.unity
  artifactKey: Guid(973f175e94e062546bafb7ed2496ce4c) Importer(815301076,1909f56bfc062723c751e8b465ee728b)
Start importing Assets/Scenes/ForResearch/S_Turn_2.unity using Guid(973f175e94e062546bafb7ed2496ce4c) Importer(815301076,1909f56bfc062723c751e8b465ee728b)  -> (artifact id: '8fdeb7eb44024f59785305517dcb2256') in 0.013603 seconds 
========================================================================
Received Import Request.
  Time since last request: 8.352018 seconds.
  path: Assets/Scenes/ForResearch/S_Turn_1.unity
  artifactKey: Guid(cd1ec1a71a40df642b6c23beb286d313) Importer(815301076,1909f56bfc062723c751e8b465ee728b)
Start importing Assets/Scenes/ForResearch/S_Turn_1.unity using Guid(cd1ec1a71a40df642b6c23beb286d313) Importer(815301076,1909f56bfc062723c751e8b465ee728b)  -> (artifact id: '7a5277e83be46ab08e4c11712a6d1178') in 0.012810 seconds 
========================================================================
Received Prepare
Registering precompiled user dll's ...
Registered in 0.012727 seconds.
Begin MonoManager ReloadAssembly
Native extension for WindowsStandalone target not found
Native extension for WebGL target not found
Refreshing native plugins compatible for Editor in 0.64 ms, found 3 plugins.
Preloading 0 native plugins for Editor in 0.00 ms.
Mono: successfully reloaded assembly
- Completed reload, in  1.212 seconds
Domain Reload Profiling:
	ReloadAssembly (1213ms)
		BeginReloadAssembly (218ms)
			ExecutionOrderSort (0ms)
			DisableScriptedObjects (6ms)
			BackupInstance (0ms)
			ReleaseScriptingObjects (0ms)
			CreateAndSetChildDomain (46ms)
		EndReloadAssembly (909ms)
			LoadAssemblies (187ms)
			RebuildTransferFunctionScriptingTraits (0ms)
			SetupTypeCache (288ms)
			ReleaseScriptCaches (1ms)
			RebuildScriptCaches (37ms)
			SetupLoadedEditorAssemblies (361ms)
				LogAssemblyErrors (0ms)
				InitializePlatformSupportModulesInManaged (5ms)
				SetLoadedEditorAssemblies (0ms)
				RefreshPlugins (1ms)
				BeforeProcessingInitializeOnLoad (96ms)
				ProcessInitializeOnLoadAttributes (231ms)
				ProcessInitializeOnLoadMethodAttributes (9ms)
				AfterProcessingInitializeOnLoad (20ms)
				EditorAssembliesLoaded (0ms)
			ExecutionOrderSort2 (0ms)
			AwakeInstancesAfterBackupRestoration (6ms)
Platform modules already initialized, skipping
Refreshing native plugins compatible for Editor in 0.65 ms, found 3 plugins.
Preloading 0 native plugins for Editor in 0.00 ms.
Unloading 2461 Unused Serialized files (Serialized files now loaded: 0)
System memory in use before: 114.1 MB.
System memory in use after: 114.3 MB.

Unloading 18 unused Assets to reduce memory usage. Loaded Objects now: 3031.
Total: 3.882300 ms (FindLiveObjects: 0.298800 ms CreateObjectMapping: 0.156000 ms MarkObjects: 3.324800 ms  DeleteObjects: 0.101400 ms)

AssetImportParameters requested are different than current active one (requested -> active):
  custom:framework-win-MediaFoundation: 216162199b28c13a410421893ffa2e32 -> 
  custom:video-decoder-ogg-theora: a1e56fd34408186e4bbccfd4996cb3dc -> 
  custom:container-muxer-webm: aa71ff27fc2769a1b78a27578f13a17b -> 
  custom:container-demuxer-webm: 4f35f7cbe854078d1ac9338744f61a02 -> 
  custom:container-demuxer-ogg: 62fdf1f143b41e24485cea50d1cbac27 -> 
  custom:video-encoder-webm-vp8: eb34c28f22e8b96e1ab97ce403110664 -> 
  custom:video-decoder-webm-vp8: 9c59270c3fd7afecdb556c50c9e8de78 -> 
  custom:audio-decoder-ogg-vorbis: bf7c407c2cedff20999df2af8eb42d56 -> 
  custom:audio-encoder-webm-vorbis: bf7c407c2cedff20999df2af8eb42d56 -> 
========================================================================
Received Prepare
Registering precompiled user dll's ...
Registered in 0.009477 seconds.
Begin MonoManager ReloadAssembly
Native extension for WindowsStandalone target not found
Native extension for WebGL target not found
Refreshing native plugins compatible for Editor in 0.66 ms, found 3 plugins.
Preloading 0 native plugins for Editor in 0.00 ms.
Mono: successfully reloaded assembly
- Completed reload, in  1.156 seconds
Domain Reload Profiling:
	ReloadAssembly (1157ms)
		BeginReloadAssembly (170ms)
			ExecutionOrderSort (0ms)
			DisableScriptedObjects (4ms)
			BackupInstance (0ms)
			ReleaseScriptingObjects (0ms)
			CreateAndSetChildDomain (34ms)
		EndReloadAssembly (908ms)
			LoadAssemblies (160ms)
			RebuildTransferFunctionScriptingTraits (0ms)
			SetupTypeCache (277ms)
			ReleaseScriptCaches (1ms)
			RebuildScriptCaches (39ms)
			SetupLoadedEditorAssemblies (374ms)
				LogAssemblyErrors (0ms)
				InitializePlatformSupportModulesInManaged (5ms)
				SetLoadedEditorAssemblies (0ms)
				RefreshPlugins (1ms)
				BeforeProcessingInitializeOnLoad (96ms)
				ProcessInitializeOnLoadAttributes (243ms)
				ProcessInitializeOnLoadMethodAttributes (9ms)
				AfterProcessingInitializeOnLoad (19ms)
				EditorAssembliesLoaded (0ms)
			ExecutionOrderSort2 (0ms)
			AwakeInstancesAfterBackupRestoration (6ms)
Platform modules already initialized, skipping
Refreshing native plugins compatible for Editor in 0.68 ms, found 3 plugins.
Preloading 0 native plugins for Editor in 0.00 ms.
Unloading 2461 Unused Serialized files (Serialized files now loaded: 0)
System memory in use before: 114.1 MB.
System memory in use after: 114.3 MB.

Unloading 16 unused Assets to reduce memory usage. Loaded Objects now: 3034.
Total: 4.386800 ms (FindLiveObjects: 0.275800 ms CreateObjectMapping: 0.074100 ms MarkObjects: 3.924400 ms  DeleteObjects: 0.110800 ms)

AssetImportParameters requested are different than current active one (requested -> active):
  custom:framework-win-MediaFoundation: 216162199b28c13a410421893ffa2e32 -> 
  custom:video-decoder-ogg-theora: a1e56fd34408186e4bbccfd4996cb3dc -> 
  custom:container-muxer-webm: aa71ff27fc2769a1b78a27578f13a17b -> 
  custom:container-demuxer-webm: 4f35f7cbe854078d1ac9338744f61a02 -> 
  custom:container-demuxer-ogg: 62fdf1f143b41e24485cea50d1cbac27 -> 
  custom:video-encoder-webm-vp8: eb34c28f22e8b96e1ab97ce403110664 -> 
  custom:video-decoder-webm-vp8: 9c59270c3fd7afecdb556c50c9e8de78 -> 
  custom:audio-decoder-ogg-vorbis: bf7c407c2cedff20999df2af8eb42d56 -> 
  custom:audio-encoder-webm-vorbis: bf7c407c2cedff20999df2af8eb42d56 -> 
========================================================================
Received Prepare
Registering precompiled user dll's ...
Registered in 0.006751 seconds.
Begin MonoManager ReloadAssembly
Native extension for WindowsStandalone target not found
Native extension for WebGL target not found
Refreshing native plugins compatible for Editor in 0.70 ms, found 3 plugins.
Preloading 0 native plugins for Editor in 0.00 ms.
Mono: successfully reloaded assembly
- Completed reload, in  1.235 seconds
Domain Reload Profiling:
	ReloadAssembly (1236ms)
		BeginReloadAssembly (184ms)
			ExecutionOrderSort (0ms)
			DisableScriptedObjects (6ms)
			BackupInstance (0ms)
			ReleaseScriptingObjects (0ms)
			CreateAndSetChildDomain (40ms)
		EndReloadAssembly (969ms)
			LoadAssemblies (173ms)
			RebuildTransferFunctionScriptingTraits (0ms)
			SetupTypeCache (284ms)
			ReleaseScriptCaches (1ms)
			RebuildScriptCaches (45ms)
			SetupLoadedEditorAssemblies (397ms)
				LogAssemblyErrors (0ms)
				InitializePlatformSupportModulesInManaged (5ms)
				SetLoadedEditorAssemblies (1ms)
				RefreshPlugins (1ms)
				BeforeProcessingInitializeOnLoad (107ms)
				ProcessInitializeOnLoadAttributes (259ms)
				ProcessInitializeOnLoadMethodAttributes (8ms)
				AfterProcessingInitializeOnLoad (16ms)
				EditorAssembliesLoaded (0ms)
			ExecutionOrderSort2 (0ms)
			AwakeInstancesAfterBackupRestoration (6ms)
Platform modules already initialized, skipping
Refreshing native plugins compatible for Editor in 0.67 ms, found 3 plugins.
Preloading 0 native plugins for Editor in 0.00 ms.
Unloading 2461 Unused Serialized files (Serialized files now loaded: 0)
System memory in use before: 114.1 MB.
System memory in use after: 114.3 MB.

Unloading 16 unused Assets to reduce memory usage. Loaded Objects now: 3037.
Total: 3.822500 ms (FindLiveObjects: 0.255200 ms CreateObjectMapping: 0.069100 ms MarkObjects: 3.403400 ms  DeleteObjects: 0.093200 ms)

AssetImportParameters requested are different than current active one (requested -> active):
  custom:framework-win-MediaFoundation: 216162199b28c13a410421893ffa2e32 -> 
  custom:video-decoder-ogg-theora: a1e56fd34408186e4bbccfd4996cb3dc -> 
  custom:container-muxer-webm: aa71ff27fc2769a1b78a27578f13a17b -> 
  custom:container-demuxer-webm: 4f35f7cbe854078d1ac9338744f61a02 -> 
  custom:container-demuxer-ogg: 62fdf1f143b41e24485cea50d1cbac27 -> 
  custom:video-encoder-webm-vp8: eb34c28f22e8b96e1ab97ce403110664 -> 
  custom:video-decoder-webm-vp8: 9c59270c3fd7afecdb556c50c9e8de78 -> 
  custom:audio-decoder-ogg-vorbis: bf7c407c2cedff20999df2af8eb42d56 -> 
  custom:audio-encoder-webm-vorbis: bf7c407c2cedff20999df2af8eb42d56 -> 
========================================================================
Received Prepare
Registering precompiled user dll's ...
Registered in 0.007264 seconds.
Begin MonoManager ReloadAssembly
Native extension for WindowsStandalone target not found
Native extension for WebGL target not found
Refreshing native plugins compatible for Editor in 0.71 ms, found 3 plugins.
Preloading 0 native plugins for Editor in 0.00 ms.
Mono: successfully reloaded assembly
- Completed reload, in  1.160 seconds
Domain Reload Profiling:
	ReloadAssembly (1160ms)
		BeginReloadAssembly (156ms)
			ExecutionOrderSort (0ms)
			DisableScriptedObjects (4ms)
			BackupInstance (0ms)
			ReleaseScriptingObjects (0ms)
			CreateAndSetChildDomain (35ms)
		EndReloadAssembly (929ms)
			LoadAssemblies (149ms)
			RebuildTransferFunctionScriptingTraits (0ms)
			SetupTypeCache (287ms)
			ReleaseScriptCaches (1ms)
			RebuildScriptCaches (42ms)
			SetupLoadedEditorAssemblies (369ms)
				LogAssemblyErrors (0ms)
				InitializePlatformSupportModulesInManaged (5ms)
				SetLoadedEditorAssemblies (0ms)
				RefreshPlugins (1ms)
				BeforeProcessingInitializeOnLoad (91ms)
				ProcessInitializeOnLoadAttributes (240ms)
				ProcessInitializeOnLoadMethodAttributes (15ms)
				AfterProcessingInitializeOnLoad (16ms)
				EditorAssembliesLoaded (0ms)
			ExecutionOrderSort2 (0ms)
			AwakeInstancesAfterBackupRestoration (6ms)
Platform modules already initialized, skipping
Refreshing native plugins compatible for Editor in 0.68 ms, found 3 plugins.
Preloading 0 native plugins for Editor in 0.00 ms.
Unloading 2461 Unused Serialized files (Serialized files now loaded: 0)
System memory in use before: 114.1 MB.
System memory in use after: 114.3 MB.

Unloading 16 unused Assets to reduce memory usage. Loaded Objects now: 3040.
Total: 3.998200 ms (FindLiveObjects: 0.274000 ms CreateObjectMapping: 0.118600 ms MarkObjects: 3.492400 ms  DeleteObjects: 0.111700 ms)

AssetImportParameters requested are different than current active one (requested -> active):
  custom:framework-win-MediaFoundation: 216162199b28c13a410421893ffa2e32 -> 
  custom:video-decoder-ogg-theora: a1e56fd34408186e4bbccfd4996cb3dc -> 
  custom:container-muxer-webm: aa71ff27fc2769a1b78a27578f13a17b -> 
  custom:container-demuxer-webm: 4f35f7cbe854078d1ac9338744f61a02 -> 
  custom:container-demuxer-ogg: 62fdf1f143b41e24485cea50d1cbac27 -> 
  custom:video-encoder-webm-vp8: eb34c28f22e8b96e1ab97ce403110664 -> 
  custom:video-decoder-webm-vp8: 9c59270c3fd7afecdb556c50c9e8de78 -> 
  custom:audio-decoder-ogg-vorbis: bf7c407c2cedff20999df2af8eb42d56 -> 
  custom:audio-encoder-webm-vorbis: bf7c407c2cedff20999df2af8eb42d56 -> 
========================================================================
Received Prepare
Registering precompiled user dll's ...
Registered in 0.006820 seconds.
Begin MonoManager ReloadAssembly
Native extension for WindowsStandalone target not found
Native extension for WebGL target not found
Refreshing native plugins compatible for Editor in 0.68 ms, found 3 plugins.
Preloading 0 native plugins for Editor in 0.00 ms.
Mono: successfully reloaded assembly
- Completed reload, in  1.325 seconds
Domain Reload Profiling:
	ReloadAssembly (1325ms)
		BeginReloadAssembly (330ms)
			ExecutionOrderSort (0ms)
			DisableScriptedObjects (8ms)
			BackupInstance (0ms)
			ReleaseScriptingObjects (0ms)
			CreateAndSetChildDomain (62ms)
		EndReloadAssembly (911ms)
			LoadAssemblies (284ms)
			RebuildTransferFunctionScriptingTraits (0ms)
			SetupTypeCache (284ms)
			ReleaseScriptCaches (1ms)
			RebuildScriptCaches (42ms)
			SetupLoadedEditorAssemblies (356ms)
				LogAssemblyErrors (0ms)
				InitializePlatformSupportModulesInManaged (5ms)
				SetLoadedEditorAssemblies (0ms)
				RefreshPlugins (1ms)
				BeforeProcessingInitializeOnLoad (93ms)
				ProcessInitializeOnLoadAttributes (231ms)
				ProcessInitializeOnLoadMethodAttributes (9ms)
				AfterProcessingInitializeOnLoad (17ms)
				EditorAssembliesLoaded (0ms)
			ExecutionOrderSort2 (0ms)
			AwakeInstancesAfterBackupRestoration (6ms)
Platform modules already initialized, skipping
Refreshing native plugins compatible for Editor in 0.72 ms, found 3 plugins.
Preloading 0 native plugins for Editor in 0.00 ms.
Unloading 2461 Unused Serialized files (Serialized files now loaded: 0)
System memory in use before: 114.1 MB.
System memory in use after: 114.3 MB.

Unloading 16 unused Assets to reduce memory usage. Loaded Objects now: 3043.
Total: 4.654500 ms (FindLiveObjects: 0.281700 ms CreateObjectMapping: 0.083500 ms MarkObjects: 4.033500 ms  DeleteObjects: 0.252700 ms)

AssetImportParameters requested are different than current active one (requested -> active):
  custom:framework-win-MediaFoundation: 216162199b28c13a410421893ffa2e32 -> 
  custom:video-decoder-ogg-theora: a1e56fd34408186e4bbccfd4996cb3dc -> 
  custom:container-muxer-webm: aa71ff27fc2769a1b78a27578f13a17b -> 
  custom:container-demuxer-webm: 4f35f7cbe854078d1ac9338744f61a02 -> 
  custom:container-demuxer-ogg: 62fdf1f143b41e24485cea50d1cbac27 -> 
  custom:video-encoder-webm-vp8: eb34c28f22e8b96e1ab97ce403110664 -> 
  custom:video-decoder-webm-vp8: 9c59270c3fd7afecdb556c50c9e8de78 -> 
  custom:audio-decoder-ogg-vorbis: bf7c407c2cedff20999df2af8eb42d56 -> 
  custom:audio-encoder-webm-vorbis: bf7c407c2cedff20999df2af8eb42d56 -> 
========================================================================
Received Prepare
Registering precompiled user dll's ...
Registered in 0.007150 seconds.
Begin MonoManager ReloadAssembly
Native extension for WindowsStandalone target not found
Native extension for WebGL target not found
Refreshing native plugins compatible for Editor in 0.67 ms, found 3 plugins.
Preloading 0 native plugins for Editor in 0.00 ms.
Mono: successfully reloaded assembly
- Completed reload, in  1.241 seconds
Domain Reload Profiling:
	ReloadAssembly (1246ms)
		BeginReloadAssembly (257ms)
			ExecutionOrderSort (0ms)
			DisableScriptedObjects (12ms)
			BackupInstance (0ms)
			ReleaseScriptingObjects (0ms)
			CreateAndSetChildDomain (68ms)
		EndReloadAssembly (908ms)
			LoadAssemblies (180ms)
			RebuildTransferFunctionScriptingTraits (0ms)
			SetupTypeCache (284ms)
			ReleaseScriptCaches (1ms)
			RebuildScriptCaches (37ms)
			SetupLoadedEditorAssemblies (359ms)
				LogAssemblyErrors (0ms)
				InitializePlatformSupportModulesInManaged (6ms)
				SetLoadedEditorAssemblies (1ms)
				RefreshPlugins (1ms)
				BeforeProcessingInitializeOnLoad (92ms)
				ProcessInitializeOnLoadAttributes (234ms)
				ProcessInitializeOnLoadMethodAttributes (9ms)
				AfterProcessingInitializeOnLoad (16ms)
				EditorAssembliesLoaded (0ms)
			ExecutionOrderSort2 (0ms)
			AwakeInstancesAfterBackupRestoration (6ms)
Platform modules already initialized, skipping
Refreshing native plugins compatible for Editor in 0.65 ms, found 3 plugins.
Preloading 0 native plugins for Editor in 0.00 ms.
Unloading 2461 Unused Serialized files (Serialized files now loaded: 0)
System memory in use before: 114.2 MB.
System memory in use after: 114.3 MB.

Unloading 16 unused Assets to reduce memory usage. Loaded Objects now: 3046.
Total: 6.070200 ms (FindLiveObjects: 0.295400 ms CreateObjectMapping: 0.092100 ms MarkObjects: 5.354200 ms  DeleteObjects: 0.326800 ms)

AssetImportParameters requested are different than current active one (requested -> active):
  custom:framework-win-MediaFoundation: 216162199b28c13a410421893ffa2e32 -> 
  custom:video-decoder-ogg-theora: a1e56fd34408186e4bbccfd4996cb3dc -> 
  custom:container-muxer-webm: aa71ff27fc2769a1b78a27578f13a17b -> 
  custom:container-demuxer-webm: 4f35f7cbe854078d1ac9338744f61a02 -> 
  custom:container-demuxer-ogg: 62fdf1f143b41e24485cea50d1cbac27 -> 
  custom:video-encoder-webm-vp8: eb34c28f22e8b96e1ab97ce403110664 -> 
  custom:video-decoder-webm-vp8: 9c59270c3fd7afecdb556c50c9e8de78 -> 
  custom:audio-decoder-ogg-vorbis: bf7c407c2cedff20999df2af8eb42d56 -> 
  custom:audio-encoder-webm-vorbis: bf7c407c2cedff20999df2af8eb42d56 -> 
AssetImportWorkerClient::OnTransportError - code=2 error=End of file
